[2025-02-04T16:26:15.746Z] ERROR: La base de données n'a pas été initialisée
[2025-02-04T16:27:16.757Z] INFO: Création du pool de connexions...
[2025-02-04T16:27:16.798Z] ERROR: Erreur lors de l'initialisation de la base de données : Unknown database 'freelancebox'
[2025-02-04T16:29:12.589Z] INFO: Création du pool de connexions...
[2025-02-04T16:29:12.628Z] ERROR: Erreur lors de l'initialisation de la base de données : Unknown database 'freelancebox'
[2025-02-04T16:31:53.812Z] INFO: Création du pool de connexions...
[2025-02-04T16:31:53.849Z] INFO: Connexion à la base de données initialisée avec succès
[2025-02-04T16:32:12.297Z] INFO: Exécution de la requête SQL : SELECT 1
[2025-02-04T16:32:12.326Z] INFO: Requête exécutée avec succès
[2025-02-04T16:32:12.420Z] INFO: Exécution de la requête SQL : SELECT * FROM quotes
[2025-02-04T16:32:12.422Z] INFO: Exécution de la requête SQL : SELECT * FROM clients
[2025-02-04T16:32:12.454Z] INFO: Requête exécutée avec succès
[2025-02-04T16:32:12.458Z] INFO: Requête exécutée avec succès
[2025-02-04T16:32:12.465Z] INFO: Exécution de la requête SQL : SELECT * FROM quotes
[2025-02-04T16:32:12.466Z] INFO: Exécution de la requête SQL : SELECT * FROM clients
[2025-02-04T16:32:12.467Z] INFO: Requête exécutée avec succès
[2025-02-04T16:32:12.469Z] INFO: Requête exécutée avec succès
[2025-02-04T16:32:16.947Z] INFO: Exécution de la requête SQL : SELECT * FROM clients
[2025-02-04T16:32:16.954Z] INFO: Requête exécutée avec succès
[2025-02-04T16:32:16.958Z] INFO: Exécution de la requête SQL : SELECT * FROM clients
[2025-02-04T16:32:16.962Z] INFO: Requête exécutée avec succès
[2025-02-04T16:32:34.218Z] INFO: Exécution de la requête SQL : SELECT * FROM tasks
[2025-02-04T16:32:34.225Z] INFO: Requête exécutée avec succès
[2025-02-04T16:32:34.235Z] INFO: Exécution de la requête SQL : SELECT * FROM tasks
[2025-02-04T16:32:34.237Z] INFO: Requête exécutée avec succès
[2025-02-04T16:32:42.153Z] INFO: Exécution de la requête SQL : SELECT * FROM payments
[2025-02-04T16:32:42.156Z] INFO: Exécution de la requête SQL : SELECT * FROM invoices
[2025-02-04T16:32:42.161Z] INFO: Exécution de la requête SQL : SELECT * FROM clients
[2025-02-04T16:32:42.167Z] INFO: Requête exécutée avec succès
[2025-02-04T16:32:42.172Z] INFO: Requête exécutée avec succès
[2025-02-04T16:32:42.174Z] INFO: Exécution de la requête SQL : SELECT * FROM payments
[2025-02-04T16:32:42.181Z] INFO: Exécution de la requête SQL : SELECT * FROM invoices
[2025-02-04T16:32:42.184Z] INFO: Requête exécutée avec succès
[2025-02-04T16:32:42.188Z] INFO: Requête exécutée avec succès
[2025-02-04T16:32:42.190Z] INFO: Requête exécutée avec succès
[2025-02-04T16:32:42.193Z] INFO: Exécution de la requête SQL : SELECT * FROM clients
[2025-02-04T16:32:42.197Z] INFO: Requête exécutée avec succès
[2025-02-04T16:33:23.871Z] INFO: Exécution de la requête SQL : SELECT 1
[2025-02-04T16:33:23.876Z] INFO: Requête exécutée avec succès
[2025-02-04T16:33:25.953Z] INFO: Exécution de la requête SQL : SELECT * FROM documents
[2025-02-04T16:33:25.963Z] INFO: Requête exécutée avec succès
[2025-02-04T16:33:25.972Z] INFO: Exécution de la requête SQL : SELECT * FROM documents
[2025-02-04T16:33:25.974Z] INFO: Requête exécutée avec succès
[2025-02-04T16:33:26.622Z] INFO: Exécution de la requête SQL : SELECT * FROM tasks
[2025-02-04T16:33:26.625Z] INFO: Requête exécutée avec succès
[2025-02-04T16:33:26.629Z] INFO: Exécution de la requête SQL : SELECT * FROM tasks
[2025-02-04T16:33:26.631Z] INFO: Requête exécutée avec succès
[2025-02-04T16:33:30.789Z] INFO: Exécution de la requête SQL : DELETE FROM tasks WHERE id = ?
[2025-02-04T16:33:30.800Z] INFO: Requête exécutée avec succès
[2025-02-04T16:34:23.879Z] INFO: Exécution de la requête SQL : SELECT 1
[2025-02-04T16:34:23.881Z] INFO: Requête exécutée avec succès
[2025-02-04T16:50:59.943Z] INFO: Exécution de la requête SQL : SELECT * FROM clients
[2025-02-04T16:50:59.973Z] INFO: Requête exécutée avec succès
[2025-02-04T16:50:59.977Z] INFO: Exécution de la requête SQL : SELECT * FROM clients
[2025-02-04T16:50:59.978Z] INFO: Requête exécutée avec succès
[2025-02-04T16:51:05.594Z] INFO: Exécution de la requête SQL : SELECT * FROM clients
[2025-02-04T16:51:05.595Z] INFO: Exécution de la requête SQL : SELECT * FROM invoices
[2025-02-04T16:51:05.596Z] INFO: Requête exécutée avec succès
[2025-02-04T16:51:05.600Z] INFO: Requête exécutée avec succès
[2025-02-04T16:51:05.604Z] INFO: Exécution de la requête SQL : SELECT * FROM clients
[2025-02-04T16:51:05.606Z] INFO: Exécution de la requête SQL : SELECT * FROM invoices
[2025-02-04T16:51:05.613Z] INFO: Requête exécutée avec succès
[2025-02-04T16:51:05.615Z] INFO: Requête exécutée avec succès
[2025-02-04T16:51:07.989Z] INFO: Exécution de la requête SQL : SELECT * FROM clients
[2025-02-04T16:51:07.992Z] INFO: Exécution de la requête SQL : SELECT * FROM quotes
[2025-02-04T16:51:07.993Z] INFO: Requête exécutée avec succès
[2025-02-04T16:51:07.996Z] INFO: Requête exécutée avec succès
[2025-02-04T16:51:07.998Z] INFO: Exécution de la requête SQL : SELECT * FROM clients
[2025-02-04T16:51:08.000Z] INFO: Exécution de la requête SQL : SELECT * FROM quotes
[2025-02-04T16:51:08.002Z] INFO: Requête exécutée avec succès
[2025-02-04T16:51:08.006Z] INFO: Requête exécutée avec succès
[2025-02-04T16:51:11.215Z] INFO: Exécution de la requête SQL : SELECT * FROM invoices
[2025-02-04T16:51:11.218Z] INFO: Exécution de la requête SQL : SELECT * FROM clients
[2025-02-04T16:51:11.220Z] INFO: Requête exécutée avec succès
[2025-02-04T16:51:11.225Z] INFO: Exécution de la requête SQL : SELECT * FROM payments
[2025-02-04T16:51:11.227Z] INFO: Requête exécutée avec succès
[2025-02-04T16:51:11.230Z] INFO: Exécution de la requête SQL : SELECT * FROM invoices
[2025-02-04T16:51:11.230Z] INFO: Requête exécutée avec succès
[2025-02-04T16:51:11.231Z] INFO: Exécution de la requête SQL : SELECT * FROM clients
[2025-02-04T16:51:11.232Z] INFO: Requête exécutée avec succès
[2025-02-04T16:51:11.232Z] INFO: Exécution de la requête SQL : SELECT * FROM payments
[2025-02-04T16:51:11.233Z] INFO: Requête exécutée avec succès
[2025-02-04T16:51:11.233Z] INFO: Requête exécutée avec succès
[2025-02-04T16:51:19.275Z] INFO: Exécution de la requête SQL : SELECT * FROM tasks
[2025-02-04T16:51:19.279Z] INFO: Requête exécutée avec succès
[2025-02-04T16:51:19.283Z] INFO: Exécution de la requête SQL : SELECT * FROM tasks
[2025-02-04T16:51:19.286Z] INFO: Requête exécutée avec succès
[2025-02-04T16:51:20.982Z] INFO: Exécution de la requête SQL : SELECT * FROM documents
[2025-02-04T16:51:20.990Z] INFO: Requête exécutée avec succès
[2025-02-04T16:51:20.992Z] INFO: Exécution de la requête SQL : SELECT * FROM documents
[2025-02-04T16:51:20.994Z] INFO: Requête exécutée avec succès
[2025-02-05T05:32:57.027Z] INFO: Création du pool de connexions...
[2025-02-05T05:32:57.058Z] INFO: Connexion à la base de données initialisée avec succès
[2025-02-05T05:33:11.179Z] INFO: Exécution de la requête SQL : SELECT 1
[2025-02-05T05:33:11.202Z] INFO: Requête exécutée avec succès
[2025-02-05T05:33:41.691Z] INFO: Exécution de la requête SQL : SELECT * FROM clients
[2025-02-05T05:33:41.713Z] INFO: Requête exécutée avec succès
[2025-02-05T05:33:41.717Z] INFO: Exécution de la requête SQL : SELECT * FROM clients
[2025-02-05T05:33:41.718Z] INFO: Requête exécutée avec succès
[2025-02-05T05:34:49.370Z] INFO: Exécution de la requête SQL : INSERT INTO clients (name, email, phone, address, postalCode, city, imageUrl, comments) VALUES (?, ?, ?, ?, ?, ?, ?, ?)
[2025-02-05T05:34:49.382Z] ERROR: Erreur lors de l'exécution de la requête SQL : Bind parameters must not contain undefined. To pass SQL NULL specify JS null
[2025-02-05T05:42:01.973Z] INFO: Création du pool de connexions...
[2025-02-05T05:42:02.003Z] INFO: Connexion à la base de données initialisée avec succès
[2025-02-05T05:43:06.853Z] INFO: Exécution de la requête SQL : INSERT INTO clients (name, email, phone, address, postalCode, city, imageUrl, comments) VALUES (?, ?, ?, ?, ?, ?, ?, ?)
[2025-02-05T05:43:06.888Z] INFO: Requête exécutée avec succès
[2025-02-05T05:43:38.027Z] INFO: Exécution de la requête SQL : SELECT * FROM clients
[2025-02-05T05:43:38.030Z] INFO: Exécution de la requête SQL : SELECT * FROM invoices
[2025-02-05T05:43:38.043Z] INFO: Requête exécutée avec succès
[2025-02-05T05:43:38.046Z] INFO: Exécution de la requête SQL : SELECT * FROM clients
[2025-02-05T05:43:38.047Z] INFO: Requête exécutée avec succès
[2025-02-05T05:43:38.050Z] INFO: Requête exécutée avec succès
[2025-02-05T05:43:38.052Z] INFO: Exécution de la requête SQL : SELECT * FROM invoices
[2025-02-05T05:43:38.053Z] INFO: Requête exécutée avec succès
[2025-02-05T05:43:40.473Z] INFO: Exécution de la requête SQL : SELECT * FROM clients
[2025-02-05T05:43:40.476Z] INFO: Requête exécutée avec succès
[2025-02-05T05:43:40.479Z] INFO: Exécution de la requête SQL : SELECT * FROM clients
[2025-02-05T05:43:40.481Z] INFO: Requête exécutée avec succès
[2025-02-05T05:43:45.937Z] INFO: Exécution de la requête SQL : SELECT * FROM clients WHERE id = ?
[2025-02-05T05:43:45.941Z] INFO: Requête exécutée avec succès
[2025-02-05T05:43:45.945Z] INFO: Exécution de la requête SQL : SELECT * FROM clients WHERE id = ?
[2025-02-05T05:43:45.947Z] INFO: Requête exécutée avec succès
[2025-02-05T05:44:05.239Z] INFO: Exécution de la requête SQL : SELECT * FROM invoices
[2025-02-05T05:44:05.241Z] INFO: Exécution de la requête SQL : SELECT * FROM clients
[2025-02-05T05:44:05.242Z] INFO: Requête exécutée avec succès
[2025-02-05T05:44:05.244Z] INFO: Exécution de la requête SQL : SELECT * FROM invoices
[2025-02-05T05:44:05.245Z] INFO: Requête exécutée avec succès
[2025-02-05T05:44:05.246Z] INFO: Requête exécutée avec succès
[2025-02-05T05:44:05.247Z] INFO: Exécution de la requête SQL : SELECT * FROM clients
[2025-02-05T05:44:05.248Z] INFO: Requête exécutée avec succès
[2025-02-05T05:44:05.835Z] INFO: Exécution de la requête SQL : SELECT * FROM clients
[2025-02-05T05:44:05.838Z] INFO: Requête exécutée avec succès
[2025-02-05T05:44:05.842Z] INFO: Exécution de la requête SQL : SELECT * FROM clients
[2025-02-05T05:44:05.844Z] INFO: Requête exécutée avec succès
[2025-02-05T06:03:31.782Z] INFO: Exécution de la requête SQL : SELECT * FROM clients
[2025-02-05T06:03:31.809Z] INFO: Requête exécutée avec succès
[2025-02-05T06:03:31.811Z] INFO: Exécution de la requête SQL : SELECT * FROM clients
[2025-02-05T06:03:31.812Z] INFO: Requête exécutée avec succès
[2025-02-05T06:03:34.837Z] INFO: Exécution de la requête SQL : SELECT * FROM clients WHERE id = ?
[2025-02-05T06:03:34.844Z] INFO: Requête exécutée avec succès
[2025-02-05T06:03:34.847Z] INFO: Exécution de la requête SQL : SELECT * FROM clients WHERE id = ?
[2025-02-05T06:03:34.849Z] INFO: Requête exécutée avec succès
[2025-02-05T06:03:45.207Z] INFO: Exécution de la requête SQL : UPDATE clients SET name = ?, email = ?, phone = ?, address = ?, postalCode = ?, city = ?, imageUrl = ?, comments = ? WHERE id = ?
[2025-02-05T06:03:45.243Z] INFO: Requête exécutée avec succès
[2025-02-05T06:03:52.295Z] INFO: Exécution de la requête SQL : SELECT * FROM clients
[2025-02-05T06:03:52.299Z] INFO: Requête exécutée avec succès
[2025-02-05T06:03:52.301Z] INFO: Exécution de la requête SQL : SELECT * FROM clients
[2025-02-05T06:03:52.303Z] INFO: Requête exécutée avec succès
[2025-02-05T06:03:56.274Z] INFO: Exécution de la requête SQL : SELECT * FROM clients
[2025-02-05T06:03:56.278Z] INFO: Requête exécutée avec succès
[2025-02-05T06:03:56.279Z] INFO: Exécution de la requête SQL : SELECT * FROM clients
[2025-02-05T06:03:56.282Z] INFO: Requête exécutée avec succès
[2025-02-05T06:04:05.959Z] INFO: Exécution de la requête SQL : SELECT * FROM clients WHERE id = ?
[2025-02-05T06:04:05.961Z] INFO: Requête exécutée avec succès
[2025-02-05T06:04:05.965Z] INFO: Exécution de la requête SQL : SELECT * FROM clients WHERE id = ?
[2025-02-05T06:04:05.967Z] INFO: Requête exécutée avec succès
[2025-02-05T06:04:18.420Z] INFO: Exécution de la requête SQL : UPDATE clients SET name = ?, email = ?, phone = ?, address = ?, postalCode = ?, city = ?, imageUrl = ?, comments = ? WHERE id = ?
[2025-02-05T06:04:18.424Z] INFO: Requête exécutée avec succès
[2025-02-05T06:04:20.443Z] INFO: Exécution de la requête SQL : SELECT * FROM clients
[2025-02-05T06:04:20.449Z] INFO: Requête exécutée avec succès
[2025-02-05T06:04:20.454Z] INFO: Exécution de la requête SQL : SELECT * FROM clients
[2025-02-05T06:04:20.458Z] INFO: Requête exécutée avec succès
[2025-02-05T06:04:24.141Z] INFO: Exécution de la requête SQL : SELECT * FROM clients WHERE id = ?
[2025-02-05T06:04:24.143Z] INFO: Requête exécutée avec succès
[2025-02-05T06:04:24.148Z] INFO: Exécution de la requête SQL : SELECT * FROM clients WHERE id = ?
[2025-02-05T06:04:24.149Z] INFO: Requête exécutée avec succès
[2025-02-05T06:04:26.831Z] INFO: Exécution de la requête SQL : SELECT * FROM clients
[2025-02-05T06:04:26.834Z] INFO: Requête exécutée avec succès
[2025-02-05T06:04:26.836Z] INFO: Exécution de la requête SQL : SELECT * FROM clients
[2025-02-05T06:04:26.839Z] INFO: Requête exécutée avec succès
[2025-02-05T06:04:47.073Z] INFO: Exécution de la requête SQL : SELECT * FROM clients WHERE id = ?
[2025-02-05T06:04:47.075Z] INFO: Requête exécutée avec succès
[2025-02-05T06:04:47.083Z] INFO: Exécution de la requête SQL : SELECT * FROM clients WHERE id = ?
[2025-02-05T06:04:47.085Z] INFO: Requête exécutée avec succès
[2025-02-05T06:04:53.876Z] INFO: Exécution de la requête SQL : UPDATE clients SET name = ?, email = ?, phone = ?, address = ?, postalCode = ?, city = ?, imageUrl = ?, comments = ? WHERE id = ?
[2025-02-05T06:04:53.879Z] INFO: Requête exécutée avec succès
[2025-02-05T06:04:56.643Z] INFO: Exécution de la requête SQL : SELECT * FROM clients
[2025-02-05T06:04:56.648Z] INFO: Requête exécutée avec succès
[2025-02-05T06:04:56.656Z] INFO: Exécution de la requête SQL : SELECT * FROM clients
[2025-02-05T06:04:56.657Z] INFO: Requête exécutée avec succès
[2025-02-05T06:07:59.422Z] INFO: Exécution de la requête SQL : SELECT * FROM invoices
[2025-02-05T06:07:59.425Z] INFO: Exécution de la requête SQL : SELECT * FROM clients
[2025-02-05T06:07:59.426Z] INFO: Requête exécutée avec succès
[2025-02-05T06:07:59.429Z] INFO: Requête exécutée avec succès
[2025-02-05T06:07:59.431Z] INFO: Exécution de la requête SQL : SELECT * FROM invoices
[2025-02-05T06:07:59.432Z] INFO: Exécution de la requête SQL : SELECT * FROM clients
[2025-02-05T06:07:59.432Z] INFO: Requête exécutée avec succès
[2025-02-05T06:07:59.433Z] INFO: Requête exécutée avec succès
[2025-02-05T06:08:00.037Z] INFO: Exécution de la requête SQL : SELECT * FROM clients
[2025-02-05T06:08:00.039Z] INFO: Requête exécutée avec succès
[2025-02-05T06:08:00.042Z] INFO: Exécution de la requête SQL : SELECT * FROM clients
[2025-02-05T06:08:00.045Z] INFO: Requête exécutée avec succès
[2025-02-05T06:08:28.766Z] INFO: Exécution de la requête SQL : SELECT * FROM clients
[2025-02-05T06:08:28.770Z] INFO: Requête exécutée avec succès
[2025-02-05T06:08:28.773Z] INFO: Exécution de la requête SQL : SELECT * FROM clients
[2025-02-05T06:08:28.774Z] INFO: Requête exécutée avec succès
[2025-02-05T06:08:34.212Z] INFO: Exécution de la requête SQL : SELECT * FROM clients WHERE id = ?
[2025-02-05T06:08:34.215Z] INFO: Requête exécutée avec succès
[2025-02-05T06:08:34.221Z] INFO: Exécution de la requête SQL : SELECT * FROM clients WHERE id = ?
[2025-02-05T06:08:34.223Z] INFO: Requête exécutée avec succès
[2025-02-05T06:08:37.856Z] INFO: Exécution de la requête SQL : UPDATE clients SET name = ?, email = ?, phone = ?, address = ?, postalCode = ?, city = ?, imageUrl = ?, comments = ? WHERE id = ?
[2025-02-05T06:08:37.859Z] INFO: Requête exécutée avec succès
[2025-02-05T06:08:40.243Z] INFO: Exécution de la requête SQL : SELECT * FROM clients
[2025-02-05T06:08:40.246Z] INFO: Requête exécutée avec succès
[2025-02-05T06:08:40.249Z] INFO: Exécution de la requête SQL : SELECT * FROM clients
[2025-02-05T06:08:40.251Z] INFO: Requête exécutée avec succès
[2025-02-05T06:09:40.044Z] INFO: Exécution de la requête SQL : SELECT * FROM clients
[2025-02-05T06:09:40.047Z] INFO: Requête exécutée avec succès
[2025-02-05T06:09:40.048Z] INFO: Exécution de la requête SQL : SELECT * FROM clients
[2025-02-05T06:09:40.049Z] INFO: Requête exécutée avec succès
[2025-02-05T06:09:43.911Z] INFO: Exécution de la requête SQL : SELECT 1
[2025-02-05T06:09:43.914Z] INFO: Requête exécutée avec succès
[2025-02-05T06:09:43.931Z] INFO: Exécution de la requête SQL : SELECT * FROM clients
[2025-02-05T06:09:43.932Z] INFO: Requête exécutée avec succès
[2025-02-05T06:09:43.934Z] INFO: Exécution de la requête SQL : SELECT * FROM clients
[2025-02-05T06:09:43.935Z] INFO: Requête exécutée avec succès
[2025-02-05T06:09:47.034Z] INFO: Exécution de la requête SQL : SELECT * FROM clients WHERE id = ?
[2025-02-05T06:09:47.038Z] INFO: Requête exécutée avec succès
[2025-02-05T06:09:47.041Z] INFO: Exécution de la requête SQL : SELECT * FROM clients WHERE id = ?
[2025-02-05T06:09:47.043Z] INFO: Requête exécutée avec succès
[2025-02-05T06:09:54.185Z] INFO: Exécution de la requête SQL : UPDATE clients SET name = ?, email = ?, phone = ?, address = ?, postalCode = ?, city = ?, imageUrl = ?, comments = ? WHERE id = ?
[2025-02-05T06:09:54.188Z] INFO: Requête exécutée avec succès
[2025-02-05T06:09:57.680Z] INFO: Exécution de la requête SQL : UPDATE clients SET name = ?, email = ?, phone = ?, address = ?, postalCode = ?, city = ?, imageUrl = ?, comments = ? WHERE id = ?
[2025-02-05T06:09:57.681Z] INFO: Requête exécutée avec succès
[2025-02-05T06:09:59.301Z] INFO: Exécution de la requête SQL : SELECT * FROM clients
[2025-02-05T06:09:59.307Z] INFO: Requête exécutée avec succès
[2025-02-05T06:09:59.312Z] INFO: Exécution de la requête SQL : SELECT * FROM clients
[2025-02-05T06:09:59.313Z] INFO: Requête exécutée avec succès
[2025-02-05T06:10:02.471Z] INFO: Exécution de la requête SQL : SELECT * FROM clients WHERE id = ?
[2025-02-05T06:10:02.475Z] INFO: Requête exécutée avec succès
[2025-02-05T06:10:02.477Z] INFO: Exécution de la requête SQL : SELECT * FROM clients WHERE id = ?
[2025-02-05T06:10:02.481Z] INFO: Requête exécutée avec succès
[2025-02-05T06:10:05.414Z] INFO: Exécution de la requête SQL : UPDATE clients SET name = ?, email = ?, phone = ?, address = ?, postalCode = ?, city = ?, imageUrl = ?, comments = ? WHERE id = ?
[2025-02-05T06:10:05.416Z] INFO: Requête exécutée avec succès
[2025-02-05T06:10:06.769Z] INFO: Exécution de la requête SQL : SELECT * FROM clients
[2025-02-05T06:10:06.771Z] INFO: Requête exécutée avec succès
[2025-02-05T06:10:06.777Z] INFO: Exécution de la requête SQL : SELECT * FROM clients
[2025-02-05T06:10:06.778Z] INFO: Requête exécutée avec succès
[2025-02-05T06:10:19.036Z] INFO: Exécution de la requête SQL : SELECT * FROM clients
[2025-02-05T06:10:19.040Z] INFO: Requête exécutée avec succès
[2025-02-05T06:10:19.041Z] INFO: Exécution de la requête SQL : SELECT * FROM clients
[2025-02-05T06:10:19.043Z] INFO: Requête exécutée avec succès
[2025-02-05T06:10:20.774Z] INFO: Exécution de la requête SQL : SELECT 1
[2025-02-05T06:10:20.776Z] INFO: Requête exécutée avec succès
[2025-02-05T06:10:20.795Z] INFO: Exécution de la requête SQL : SELECT * FROM clients
[2025-02-05T06:10:20.797Z] INFO: Requête exécutée avec succès
[2025-02-05T06:10:20.798Z] INFO: Exécution de la requête SQL : SELECT * FROM clients
[2025-02-05T06:10:20.799Z] INFO: Requête exécutée avec succès
[2025-02-05T06:10:23.054Z] INFO: Exécution de la requête SQL : SELECT * FROM clients WHERE id = ?
[2025-02-05T06:10:23.056Z] INFO: Requête exécutée avec succès
[2025-02-05T06:10:23.059Z] INFO: Exécution de la requête SQL : SELECT * FROM clients WHERE id = ?
[2025-02-05T06:10:23.061Z] INFO: Requête exécutée avec succès
[2025-02-05T06:10:30.799Z] INFO: Exécution de la requête SQL : UPDATE clients SET name = ?, email = ?, phone = ?, address = ?, postalCode = ?, city = ?, imageUrl = ?, comments = ? WHERE id = ?
[2025-02-05T06:10:30.800Z] INFO: Requête exécutée avec succès
[2025-02-05T06:10:32.870Z] INFO: Exécution de la requête SQL : SELECT * FROM clients
[2025-02-05T06:10:32.875Z] INFO: Requête exécutée avec succès
[2025-02-05T06:10:32.877Z] INFO: Exécution de la requête SQL : SELECT * FROM clients
[2025-02-05T06:10:32.879Z] INFO: Requête exécutée avec succès
[2025-02-05T06:10:35.036Z] INFO: Exécution de la requête SQL : SELECT 1
[2025-02-05T06:10:35.037Z] INFO: Requête exécutée avec succès
[2025-02-05T06:10:35.052Z] INFO: Exécution de la requête SQL : SELECT * FROM clients
[2025-02-05T06:10:35.054Z] INFO: Requête exécutée avec succès
[2025-02-05T06:10:35.058Z] INFO: Exécution de la requête SQL : SELECT * FROM clients
[2025-02-05T06:10:35.059Z] INFO: Requête exécutée avec succès
[2025-02-05T06:11:03.055Z] INFO: Exécution de la requête SQL : SELECT * FROM clients
[2025-02-05T06:11:03.059Z] INFO: Requête exécutée avec succès
[2025-02-05T06:11:03.060Z] INFO: Exécution de la requête SQL : SELECT * FROM clients
[2025-02-05T06:11:03.061Z] INFO: Requête exécutée avec succès
[2025-02-05T06:20:55.069Z] INFO: Exécution de la requête SQL : SELECT 1
[2025-02-05T06:20:55.083Z] INFO: Requête exécutée avec succès
[2025-02-05T06:20:55.177Z] INFO: Exécution de la requête SQL : SELECT * FROM clients
[2025-02-05T06:20:55.197Z] INFO: Requête exécutée avec succès
[2025-02-05T06:20:55.199Z] INFO: Exécution de la requête SQL : SELECT * FROM clients
[2025-02-05T06:20:55.200Z] INFO: Requête exécutée avec succès
[2025-02-05T06:21:00.635Z] INFO: Exécution de la requête SQL : SELECT 1
[2025-02-05T06:21:00.638Z] INFO: Requête exécutée avec succès
[2025-02-05T06:21:00.650Z] INFO: Exécution de la requête SQL : SELECT * FROM clients
[2025-02-05T06:21:00.652Z] INFO: Requête exécutée avec succès
[2025-02-05T06:21:00.653Z] INFO: Exécution de la requête SQL : SELECT * FROM clients
[2025-02-05T06:21:00.654Z] INFO: Requête exécutée avec succès
[2025-02-05T06:21:02.151Z] INFO: Exécution de la requête SQL : SELECT * FROM clients WHERE id = ?
[2025-02-05T06:21:02.158Z] INFO: Requête exécutée avec succès
[2025-02-05T06:21:02.160Z] INFO: Exécution de la requête SQL : SELECT * FROM clients WHERE id = ?
[2025-02-05T06:21:02.161Z] INFO: Requête exécutée avec succès
[2025-02-05T06:21:08.394Z] INFO: Exécution de la requête SQL : DELETE FROM clients WHERE id = ?
[2025-02-05T06:21:08.413Z] INFO: Requête exécutée avec succès
[2025-02-05T06:21:08.436Z] INFO: Exécution de la requête SQL : SELECT * FROM clients
[2025-02-05T06:21:08.438Z] INFO: Requête exécutée avec succès
[2025-02-05T06:21:08.443Z] INFO: Exécution de la requête SQL : SELECT * FROM clients
[2025-02-05T06:21:08.447Z] INFO: Requête exécutée avec succès
[2025-02-05T06:25:41.106Z] INFO: Exécution de la requête SQL : SELECT 1
[2025-02-05T06:25:41.107Z] INFO: Requête exécutée avec succès
[2025-02-05T06:25:41.120Z] INFO: Exécution de la requête SQL : SELECT * FROM clients
[2025-02-05T06:25:41.123Z] INFO: Requête exécutée avec succès
[2025-02-05T06:25:41.125Z] INFO: Exécution de la requête SQL : SELECT * FROM clients
[2025-02-05T06:25:41.126Z] INFO: Requête exécutée avec succès
[2025-02-05T06:26:24.388Z] INFO: Exécution de la requête SQL : INSERT INTO clients (name, email, phone, address, postalCode, city, imageUrl, comments) VALUES (?, ?, ?, ?, ?, ?, ?, ?)
[2025-02-05T06:26:24.402Z] INFO: Requête exécutée avec succès
[2025-02-05T06:26:30.465Z] INFO: Exécution de la requête SQL : SELECT * FROM clients
[2025-02-05T06:26:30.470Z] INFO: Requête exécutée avec succès
[2025-02-05T06:26:30.472Z] INFO: Exécution de la requête SQL : SELECT * FROM clients
[2025-02-05T06:26:30.473Z] INFO: Requête exécutée avec succès
[2025-02-05T06:26:33.180Z] INFO: Exécution de la requête SQL : SELECT * FROM clients WHERE id = ?
[2025-02-05T06:26:33.185Z] INFO: Requête exécutée avec succès
[2025-02-05T06:26:33.188Z] INFO: Exécution de la requête SQL : SELECT * FROM clients WHERE id = ?
[2025-02-05T06:26:33.189Z] INFO: Requête exécutée avec succès
[2025-02-05T06:26:44.937Z] INFO: Exécution de la requête SQL : DELETE FROM clients WHERE id = ?
[2025-02-05T06:26:44.947Z] INFO: Requête exécutée avec succès
[2025-02-05T06:26:44.972Z] INFO: Exécution de la requête SQL : SELECT * FROM clients
[2025-02-05T06:26:44.973Z] INFO: Requête exécutée avec succès
[2025-02-05T06:26:44.978Z] INFO: Exécution de la requête SQL : SELECT * FROM clients
[2025-02-05T06:26:44.980Z] INFO: Requête exécutée avec succès
[2025-02-05T06:26:47.088Z] INFO: Exécution de la requête SQL : SELECT * FROM clients
[2025-02-05T06:26:47.089Z] INFO: Exécution de la requête SQL : SELECT * FROM invoices
[2025-02-05T06:26:47.090Z] INFO: Requête exécutée avec succès
[2025-02-05T06:26:47.092Z] INFO: Requête exécutée avec succès
[2025-02-05T06:26:47.094Z] INFO: Exécution de la requête SQL : SELECT * FROM clients
[2025-02-05T06:26:47.096Z] INFO: Exécution de la requête SQL : SELECT * FROM invoices
[2025-02-05T06:26:47.098Z] INFO: Requête exécutée avec succès
[2025-02-05T06:26:47.099Z] INFO: Requête exécutée avec succès
[2025-02-05T06:26:47.935Z] INFO: Exécution de la requête SQL : SELECT * FROM clients
[2025-02-05T06:26:47.937Z] INFO: Requête exécutée avec succès
[2025-02-05T06:26:47.941Z] INFO: Exécution de la requête SQL : SELECT * FROM clients
[2025-02-05T06:26:47.942Z] INFO: Requête exécutée avec succès
[2025-02-05T06:26:49.983Z] INFO: Exécution de la requête SQL : SELECT * FROM clients
[2025-02-05T06:26:49.985Z] INFO: Requête exécutée avec succès
[2025-02-05T06:26:49.989Z] INFO: Exécution de la requête SQL : SELECT * FROM clients
[2025-02-05T06:26:49.991Z] INFO: Requête exécutée avec succès
[2025-02-05T06:26:50.642Z] INFO: Exécution de la requête SQL : SELECT * FROM clients
[2025-02-05T06:26:50.643Z] INFO: Exécution de la requête SQL : SELECT * FROM invoices
[2025-02-05T06:26:50.643Z] INFO: Requête exécutée avec succès
[2025-02-05T06:26:50.644Z] INFO: Requête exécutée avec succès
[2025-02-05T06:26:50.645Z] INFO: Exécution de la requête SQL : SELECT * FROM clients
[2025-02-05T06:26:50.646Z] INFO: Exécution de la requête SQL : SELECT * FROM invoices
[2025-02-05T06:26:50.648Z] INFO: Requête exécutée avec succès
[2025-02-05T06:26:50.648Z] INFO: Requête exécutée avec succès
[2025-02-05T08:11:42.717Z] INFO: Création du pool de connexions...
[2025-02-05T08:12:24.771Z] INFO: Création du pool de connexions...
[2025-02-05T08:12:24.794Z] INFO: Connexion à la base de données initialisée avec succès
[2025-02-05T08:13:04.880Z] INFO: Exécution de la requête SQL : SELECT 1
[2025-02-05T08:13:04.896Z] INFO: Requête exécutée avec succès
[2025-02-05T08:13:13.098Z] INFO: Exécution de la requête SQL : SELECT * FROM clients
[2025-02-05T08:13:13.124Z] INFO: Requête exécutée avec succès
[2025-02-05T08:13:13.129Z] INFO: Exécution de la requête SQL : SELECT * FROM clients
[2025-02-05T08:13:13.133Z] INFO: Requête exécutée avec succès
[2025-02-05T08:14:23.737Z] INFO: Exécution de la requête SQL : INSERT INTO clients (name, email, phone, address, postalCode, city, imageUrl, comments) VALUES (?, ?, ?, ?, ?, ?, ?, ?)
[2025-02-05T08:14:23.749Z] INFO: Requête exécutée avec succès
[2025-02-05T08:14:32.378Z] INFO: Exécution de la requête SQL : SELECT * FROM clients
[2025-02-05T08:14:32.382Z] INFO: Requête exécutée avec succès
[2025-02-05T08:14:32.385Z] INFO: Exécution de la requête SQL : SELECT * FROM clients
[2025-02-05T08:14:32.387Z] INFO: Requête exécutée avec succès
[2025-02-05T08:14:42.029Z] INFO: Exécution de la requête SQL : SELECT * FROM clients WHERE id = ?
[2025-02-05T08:14:42.037Z] INFO: Requête exécutée avec succès
[2025-02-05T08:14:42.039Z] INFO: Exécution de la requête SQL : SELECT * FROM clients WHERE id = ?
[2025-02-05T08:14:42.041Z] INFO: Requête exécutée avec succès
[2025-02-05T08:14:58.889Z] INFO: Exécution de la requête SQL : SELECT * FROM clients
[2025-02-05T08:14:58.894Z] INFO: Requête exécutée avec succès
[2025-02-05T08:14:58.906Z] INFO: Exécution de la requête SQL : SELECT * FROM clients
[2025-02-05T08:14:58.909Z] INFO: Requête exécutée avec succès
[2025-02-05T08:31:17.864Z] INFO: Exécution de la requête SQL : SELECT * FROM clients WHERE id = ?
[2025-02-05T08:31:17.876Z] INFO: Requête exécutée avec succès
[2025-02-05T08:31:17.882Z] INFO: Exécution de la requête SQL : SELECT * FROM clients WHERE id = ?
[2025-02-05T08:31:17.885Z] INFO: Requête exécutée avec succès
[2025-02-05T08:31:36.965Z] INFO: Exécution de la requête SQL : SELECT * FROM clients
[2025-02-05T08:31:36.969Z] INFO: Requête exécutée avec succès
[2025-02-05T08:31:36.972Z] INFO: Exécution de la requête SQL : SELECT * FROM clients
[2025-02-05T08:31:36.975Z] INFO: Requête exécutée avec succès
[2025-02-05T08:31:59.457Z] INFO: Exécution de la requête SQL : SELECT * FROM clients
[2025-02-05T08:31:59.462Z] INFO: Requête exécutée avec succès
[2025-02-05T08:31:59.466Z] INFO: Exécution de la requête SQL : SELECT * FROM clients
[2025-02-05T08:31:59.469Z] INFO: Requête exécutée avec succès
[2025-02-05T08:34:32.012Z] INFO: Exécution de la requête SQL : SELECT 1
[2025-02-05T08:34:32.015Z] INFO: Requête exécutée avec succès
[2025-02-05T08:34:32.094Z] INFO: Exécution de la requête SQL : SELECT * FROM clients
[2025-02-05T08:34:32.097Z] INFO: Requête exécutée avec succès
[2025-02-05T08:34:32.099Z] INFO: Exécution de la requête SQL : SELECT * FROM clients
[2025-02-05T08:34:32.101Z] INFO: Requête exécutée avec succès
[2025-02-05T08:34:35.282Z] INFO: Exécution de la requête SQL : SELECT * FROM clients WHERE id = ?
[2025-02-05T08:34:35.290Z] INFO: Requête exécutée avec succès
[2025-02-05T08:34:35.298Z] INFO: Exécution de la requête SQL : SELECT * FROM clients WHERE id = ?
[2025-02-05T08:34:35.301Z] INFO: Requête exécutée avec succès
[2025-02-05T08:34:48.105Z] INFO: Exécution de la requête SQL : SELECT * FROM clients
[2025-02-05T08:34:48.109Z] INFO: Requête exécutée avec succès
[2025-02-05T08:34:48.112Z] INFO: Exécution de la requête SQL : SELECT * FROM clients
[2025-02-05T08:34:48.114Z] INFO: Requête exécutée avec succès
[2025-02-05T08:34:55.461Z] INFO: Exécution de la requête SQL : SELECT * FROM clients WHERE id = ?
[2025-02-05T08:34:55.464Z] INFO: Requête exécutée avec succès
[2025-02-05T08:34:55.467Z] INFO: Exécution de la requête SQL : SELECT * FROM clients WHERE id = ?
[2025-02-05T08:34:55.472Z] INFO: Requête exécutée avec succès
[2025-02-05T08:35:15.520Z] INFO: Exécution de la requête SQL : SELECT * FROM clients
[2025-02-05T08:35:15.523Z] INFO: Requête exécutée avec succès
[2025-02-05T08:35:15.525Z] INFO: Exécution de la requête SQL : SELECT * FROM clients
[2025-02-05T08:35:15.527Z] INFO: Requête exécutée avec succès
[2025-02-05T08:35:18.890Z] INFO: Exécution de la requête SQL : SELECT * FROM clients WHERE id = ?
[2025-02-05T08:35:18.892Z] INFO: Requête exécutée avec succès
[2025-02-05T08:35:18.895Z] INFO: Exécution de la requête SQL : SELECT * FROM clients WHERE id = ?
[2025-02-05T08:35:18.901Z] INFO: Requête exécutée avec succès
[2025-02-05T08:35:27.508Z] INFO: Exécution de la requête SQL : SELECT * FROM clients
[2025-02-05T08:35:27.509Z] INFO: Requête exécutée avec succès
[2025-02-05T08:35:27.515Z] INFO: Exécution de la requête SQL : SELECT * FROM clients
[2025-02-05T08:35:27.517Z] INFO: Requête exécutée avec succès
[2025-02-05T08:35:30.431Z] INFO: Exécution de la requête SQL : SELECT * FROM clients WHERE id = ?
[2025-02-05T08:35:30.437Z] INFO: Requête exécutée avec succès
[2025-02-05T08:35:30.439Z] INFO: Exécution de la requête SQL : SELECT * FROM clients WHERE id = ?
[2025-02-05T08:35:30.441Z] INFO: Requête exécutée avec succès
[2025-02-05T08:35:38.383Z] INFO: Exécution de la requête SQL : SELECT * FROM clients
[2025-02-05T08:35:38.386Z] INFO: Requête exécutée avec succès
[2025-02-05T08:35:38.392Z] INFO: Exécution de la requête SQL : SELECT * FROM clients
[2025-02-05T08:35:38.397Z] INFO: Requête exécutée avec succès
[2025-02-05T08:36:46.469Z] INFO: Exécution de la requête SQL : INSERT INTO clients (name, email, phone, address, postalCode, city, imageUrl, comments) VALUES (?, ?, ?, ?, ?, ?, ?, ?)
[2025-02-05T08:36:46.480Z] INFO: Requête exécutée avec succès
[2025-02-05T08:36:55.549Z] INFO: Exécution de la requête SQL : SELECT * FROM invoices
[2025-02-05T08:36:55.552Z] INFO: Exécution de la requête SQL : SELECT * FROM clients
[2025-02-05T08:36:55.568Z] INFO: Requête exécutée avec succès
[2025-02-05T08:36:55.572Z] INFO: Exécution de la requête SQL : SELECT * FROM invoices
[2025-02-05T08:36:55.576Z] INFO: Requête exécutée avec succès
[2025-02-05T08:36:55.579Z] INFO: Requête exécutée avec succès
[2025-02-05T08:36:55.580Z] INFO: Exécution de la requête SQL : SELECT * FROM clients
[2025-02-05T08:36:55.584Z] INFO: Requête exécutée avec succès
[2025-02-05T08:36:56.405Z] INFO: Exécution de la requête SQL : SELECT * FROM clients
[2025-02-05T08:36:56.413Z] INFO: Requête exécutée avec succès
[2025-02-05T08:36:56.419Z] INFO: Exécution de la requête SQL : SELECT * FROM clients
[2025-02-05T08:36:56.420Z] INFO: Requête exécutée avec succès
[2025-02-05T08:47:21.997Z] INFO: Exécution de la requête SQL : SELECT 1
[2025-02-05T08:47:22.001Z] INFO: Requête exécutée avec succès
[2025-02-05T08:47:22.022Z] INFO: Exécution de la requête SQL : SELECT * FROM clients
[2025-02-05T08:47:22.025Z] INFO: Requête exécutée avec succès
[2025-02-05T08:47:22.026Z] INFO: Exécution de la requête SQL : SELECT * FROM clients
[2025-02-05T08:47:22.027Z] INFO: Requête exécutée avec succès
[2025-02-05T08:50:21.488Z] INFO: Exécution de la requête SQL : SELECT * FROM clients
[2025-02-05T08:50:21.522Z] INFO: Requête exécutée avec succès
[2025-02-05T08:50:44.298Z] INFO: Exécution de la requête SQL : SELECT 1
[2025-02-05T08:50:44.304Z] INFO: Requête exécutée avec succès
[2025-02-05T08:50:44.342Z] INFO: Exécution de la requête SQL : SELECT * FROM clients
[2025-02-05T08:50:44.347Z] INFO: Requête exécutée avec succès
[2025-02-05T08:50:44.349Z] INFO: Exécution de la requête SQL : SELECT * FROM clients
[2025-02-05T08:50:44.350Z] INFO: Requête exécutée avec succès
[2025-02-05T08:50:48.291Z] INFO: Exécution de la requête SQL : SELECT * FROM clients WHERE id = ?
[2025-02-05T08:50:48.304Z] INFO: Requête exécutée avec succès
[2025-02-05T08:50:48.307Z] INFO: Exécution de la requête SQL : SELECT * FROM clients WHERE id = ?
[2025-02-05T08:50:48.309Z] INFO: Requête exécutée avec succès
[2025-02-05T08:50:59.541Z] INFO: Exécution de la requête SQL : SELECT * FROM clients
[2025-02-05T08:50:59.544Z] INFO: Requête exécutée avec succès
[2025-02-05T08:50:59.549Z] INFO: Exécution de la requête SQL : SELECT * FROM clients
[2025-02-05T08:50:59.554Z] INFO: Requête exécutée avec succès
[2025-02-05T08:51:02.536Z] INFO: Exécution de la requête SQL : SELECT * FROM clients WHERE id = ?
[2025-02-05T08:51:02.541Z] INFO: Requête exécutée avec succès
[2025-02-05T08:51:02.546Z] INFO: Exécution de la requête SQL : SELECT * FROM clients WHERE id = ?
[2025-02-05T08:51:02.547Z] INFO: Requête exécutée avec succès
[2025-02-05T08:51:17.836Z] INFO: Exécution de la requête SQL : SELECT * FROM clients
[2025-02-05T08:51:17.846Z] INFO: Requête exécutée avec succès
[2025-02-05T08:51:17.847Z] INFO: Exécution de la requête SQL : SELECT * FROM clients
[2025-02-05T08:51:17.850Z] INFO: Requête exécutée avec succès
[2025-02-05T08:56:01.159Z] INFO: Création du pool de connexions...
[2025-02-05T08:56:01.194Z] INFO: Connexion à la base de données initialisée avec succès
[2025-02-05T09:01:38.328Z] INFO: Création du pool de connexions...
[2025-02-05T09:01:38.361Z] INFO: Connexion à la base de données initialisée avec succès
[2025-02-05T09:02:02.621Z] INFO: Exécution de la requête SQL : SELECT * FROM clients
[2025-02-05T09:02:02.657Z] INFO: Requête exécutée avec succès
[2025-02-05T09:02:02.661Z] INFO: Exécution de la requête SQL : SELECT * FROM clients
[2025-02-05T09:02:02.664Z] INFO: Requête exécutée avec succès
[2025-02-05T09:02:07.132Z] INFO: Exécution de la requête SQL : SELECT * FROM clients WHERE id = ?
[2025-02-05T09:02:07.143Z] INFO: Requête exécutée avec succès
[2025-02-05T09:02:07.148Z] INFO: Exécution de la requête SQL : SELECT * FROM clients WHERE id = ?
[2025-02-05T09:02:07.152Z] INFO: Requête exécutée avec succès
[2025-02-05T09:02:26.260Z] INFO: Exécution de la requête SQL : SELECT * FROM clients
[2025-02-05T09:02:26.265Z] INFO: Requête exécutée avec succès
[2025-02-05T09:02:26.271Z] INFO: Exécution de la requête SQL : SELECT * FROM clients
[2025-02-05T09:02:26.275Z] INFO: Requête exécutée avec succès
[2025-02-05T09:03:06.938Z] INFO: Exécution de la requête SQL : DELETE FROM clients WHERE id = ?
[2025-02-05T09:03:06.954Z] INFO: Requête exécutée avec succès
[2025-02-05T09:05:28.914Z] INFO: Création du pool de connexions...
[2025-02-05T09:05:28.950Z] INFO: Connexion à la base de données initialisée avec succès
[2025-02-05T09:05:51.169Z] INFO: Création du pool de connexions...
[2025-02-05T09:05:51.189Z] INFO: Connexion à la base de données initialisée avec succès
[2025-02-05T09:09:36.777Z] INFO: Création du pool de connexions...
[2025-02-05T09:09:36.807Z] INFO: Connexion à la base de données initialisée avec succès
[2025-02-05T09:13:42.846Z] INFO: Création du pool de connexions...
[2025-02-05T09:13:42.878Z] INFO: Connexion à la base de données initialisée avec succès
[2025-02-05T09:15:42.502Z] INFO: Création du pool de connexions...
[2025-02-05T09:15:42.529Z] INFO: Connexion à la base de données initialisée avec succès
[2025-02-05T09:17:35.069Z] INFO: Création du pool de connexions...
[2025-02-05T09:17:35.090Z] INFO: Connexion à la base de données initialisée avec succès
[2025-02-05T09:25:06.411Z] INFO: Exécution de la requête SQL : SELECT * FROM clients WHERE id = ?
[2025-02-05T09:25:06.460Z] INFO: Requête exécutée avec succès
[2025-02-05T09:25:06.467Z] INFO: Exécution de la requête SQL : SELECT * FROM clients WHERE id = ?
[2025-02-05T09:25:06.471Z] INFO: Requête exécutée avec succès
[2025-02-05T09:25:20.775Z] INFO: Exécution de la requête SQL : SELECT * FROM clients
[2025-02-05T09:25:20.784Z] INFO: Requête exécutée avec succès
[2025-02-05T09:25:20.787Z] INFO: Exécution de la requête SQL : SELECT * FROM clients
[2025-02-05T09:25:20.795Z] INFO: Requête exécutée avec succès
[2025-02-05T09:32:52.858Z] INFO: Exécution de la requête SQL : SELECT 1
[2025-02-05T09:32:52.864Z] INFO: Requête exécutée avec succès
[2025-02-05T09:32:52.889Z] INFO: Exécution de la requête SQL : SELECT * FROM clients
[2025-02-05T09:32:52.892Z] INFO: Requête exécutée avec succès
[2025-02-05T09:32:52.893Z] INFO: Exécution de la requête SQL : SELECT * FROM clients
[2025-02-05T09:32:52.894Z] INFO: Requête exécutée avec succès
[2025-02-05T10:59:50.581Z] INFO: Exécution de la requête SQL : SELECT 1
[2025-02-05T10:59:50.593Z] INFO: Requête exécutée avec succès
[2025-02-05T10:59:53.079Z] INFO: Exécution de la requête SQL : SELECT * FROM clients
[2025-02-05T10:59:53.084Z] INFO: Requête exécutée avec succès
[2025-02-05T10:59:53.087Z] INFO: Exécution de la requête SQL : SELECT * FROM clients
[2025-02-05T10:59:53.091Z] INFO: Requête exécutée avec succès
[2025-02-05T10:59:54.414Z] INFO: Exécution de la requête SQL : SELECT * FROM clients
[2025-02-05T10:59:54.417Z] INFO: Exécution de la requête SQL : SELECT * FROM invoices
[2025-02-05T10:59:54.421Z] INFO: Requête exécutée avec succès
[2025-02-05T10:59:54.425Z] INFO: Exécution de la requête SQL : SELECT * FROM clients
[2025-02-05T10:59:54.426Z] INFO: Requête exécutée avec succès
[2025-02-05T10:59:54.431Z] INFO: Requête exécutée avec succès
[2025-02-05T10:59:54.432Z] INFO: Exécution de la requête SQL : SELECT * FROM invoices
[2025-02-05T10:59:54.434Z] INFO: Requête exécutée avec succès
[2025-02-05T10:59:54.893Z] INFO: Exécution de la requête SQL : SELECT * FROM quotes
[2025-02-05T10:59:54.894Z] INFO: Exécution de la requête SQL : SELECT * FROM clients
[2025-02-05T10:59:54.896Z] INFO: Requête exécutée avec succès
[2025-02-05T10:59:54.899Z] INFO: Requête exécutée avec succès
[2025-02-05T10:59:54.901Z] INFO: Exécution de la requête SQL : SELECT * FROM clients
[2025-02-05T10:59:54.902Z] INFO: Exécution de la requête SQL : SELECT * FROM quotes
[2025-02-05T10:59:54.904Z] INFO: Requête exécutée avec succès
[2025-02-05T10:59:54.904Z] INFO: Requête exécutée avec succès
[2025-02-05T10:59:55.280Z] INFO: Exécution de la requête SQL : SELECT * FROM invoices
[2025-02-05T10:59:55.282Z] INFO: Exécution de la requête SQL : SELECT * FROM clients
[2025-02-05T10:59:55.286Z] INFO: Requête exécutée avec succès
[2025-02-05T10:59:55.288Z] INFO: Requête exécutée avec succès
[2025-02-05T10:59:55.291Z] INFO: Exécution de la requête SQL : SELECT * FROM payments
[2025-02-05T10:59:55.292Z] INFO: Exécution de la requête SQL : SELECT * FROM invoices
[2025-02-05T10:59:55.292Z] INFO: Exécution de la requête SQL : SELECT * FROM clients
[2025-02-05T10:59:55.294Z] INFO: Requête exécutée avec succès
[2025-02-05T10:59:55.295Z] INFO: Requête exécutée avec succès
[2025-02-05T10:59:55.299Z] INFO: Exécution de la requête SQL : SELECT * FROM payments
[2025-02-05T10:59:55.300Z] INFO: Requête exécutée avec succès
[2025-02-05T10:59:55.301Z] INFO: Requête exécutée avec succès
[2025-02-05T10:59:56.607Z] INFO: Exécution de la requête SQL : SELECT * FROM tasks
[2025-02-05T10:59:56.613Z] INFO: Requête exécutée avec succès
[2025-02-05T10:59:56.616Z] INFO: Exécution de la requête SQL : SELECT * FROM tasks
[2025-02-05T10:59:56.617Z] INFO: Requête exécutée avec succès
[2025-02-05T10:59:57.018Z] INFO: Exécution de la requête SQL : SELECT * FROM documents
[2025-02-05T10:59:57.024Z] INFO: Requête exécutée avec succès
[2025-02-05T10:59:57.026Z] INFO: Exécution de la requête SQL : SELECT * FROM documents
[2025-02-05T10:59:57.027Z] INFO: Requête exécutée avec succès
[2025-02-05T10:59:57.426Z] INFO: Exécution de la requête SQL : SELECT * FROM companies
[2025-02-05T10:59:57.443Z] ERROR: Erreur lors de l'exécution de la requête SQL : Table 'kris_freelancebox.companies' doesn't exist
[2025-02-05T10:59:57.447Z] INFO: Exécution de la requête SQL : SELECT * FROM companies
[2025-02-05T10:59:57.447Z] ERROR: Erreur lors de l'exécution de la requête SQL : Table 'kris_freelancebox.companies' doesn't exist
[2025-02-05T10:59:57.964Z] INFO: Exécution de la requête SQL : SELECT * FROM tasks
[2025-02-05T10:59:57.967Z] INFO: Requête exécutée avec succès
[2025-02-05T10:59:57.970Z] INFO: Exécution de la requête SQL : SELECT * FROM tasks
[2025-02-05T10:59:57.975Z] INFO: Requête exécutée avec succès
[2025-02-05T11:03:47.139Z] INFO: Exécution de la requête SQL : SELECT 1
[2025-02-05T11:03:47.152Z] INFO: Requête exécutée avec succès
[2025-02-05T11:08:38.263Z] INFO: Exécution de la requête SQL : SELECT * FROM companies
[2025-02-05T11:08:38.294Z] ERROR: Erreur lors de l'exécution de la requête SQL : Table 'kris_freelancebox.companies' doesn't exist
[2025-02-05T11:08:38.300Z] INFO: Exécution de la requête SQL : SELECT * FROM companies
[2025-02-05T11:08:38.302Z] ERROR: Erreur lors de l'exécution de la requête SQL : Table 'kris_freelancebox.companies' doesn't exist
[2025-02-05T11:15:19.743Z] INFO: Exécution de la requête SQL : SELECT 1
[2025-02-05T11:15:19.745Z] INFO: Requête exécutée avec succès
[2025-02-05T11:15:19.766Z] INFO: Exécution de la requête SQL : SELECT * FROM companies
[2025-02-05T11:15:19.772Z] ERROR: Erreur lors de l'exécution de la requête SQL : Table 'kris_freelancebox.companies' doesn't exist
[2025-02-05T11:15:19.775Z] INFO: Exécution de la requête SQL : SELECT * FROM companies
[2025-02-05T11:15:19.777Z] ERROR: Erreur lors de l'exécution de la requête SQL : Table 'kris_freelancebox.companies' doesn't exist
[2025-02-05T11:15:25.124Z] INFO: Exécution de la requête SQL : SELECT * FROM clients
[2025-02-05T11:15:25.133Z] ERROR: Erreur lors de l'exécution de la requête SQL : Table 'kris_freelancebox.clients' doesn't exist
[2025-02-05T11:15:25.147Z] INFO: Exécution de la requête SQL : SELECT * FROM clients
[2025-02-05T11:15:25.148Z] ERROR: Erreur lors de l'exécution de la requête SQL : Table 'kris_freelancebox.clients' doesn't exist
[2025-02-05T11:15:27.089Z] INFO: Exécution de la requête SQL : SELECT * FROM clients
[2025-02-05T11:15:27.092Z] INFO: Exécution de la requête SQL : SELECT * FROM invoices
[2025-02-05T11:15:27.096Z] ERROR: Erreur lors de l'exécution de la requête SQL : Table 'kris_freelancebox.clients' doesn't exist
[2025-02-05T11:15:27.104Z] ERROR: Erreur lors de l'exécution de la requête SQL : Table 'kris_freelancebox.invoices' doesn't exist
[2025-02-05T11:15:27.107Z] INFO: Exécution de la requête SQL : SELECT * FROM clients
[2025-02-05T11:15:27.109Z] INFO: Exécution de la requête SQL : SELECT * FROM invoices
[2025-02-05T11:15:27.110Z] ERROR: Erreur lors de l'exécution de la requête SQL : Table 'kris_freelancebox.clients' doesn't exist
[2025-02-05T11:15:27.113Z] ERROR: Erreur lors de l'exécution de la requête SQL : Table 'kris_freelancebox.invoices' doesn't exist
[2025-02-05T11:15:28.305Z] INFO: Exécution de la requête SQL : SELECT * FROM clients
[2025-02-05T11:15:28.306Z] INFO: Exécution de la requête SQL : SELECT * FROM quotes
[2025-02-05T11:15:28.310Z] ERROR: Erreur lors de l'exécution de la requête SQL : Table 'kris_freelancebox.clients' doesn't exist
[2025-02-05T11:15:28.322Z] ERROR: Erreur lors de l'exécution de la requête SQL : Table 'kris_freelancebox.quotes' doesn't exist
[2025-02-05T11:15:28.324Z] INFO: Exécution de la requête SQL : SELECT * FROM clients
[2025-02-05T11:15:28.326Z] INFO: Exécution de la requête SQL : SELECT * FROM quotes
[2025-02-05T11:15:28.327Z] ERROR: Erreur lors de l'exécution de la requête SQL : Table 'kris_freelancebox.clients' doesn't exist
[2025-02-05T11:15:28.329Z] ERROR: Erreur lors de l'exécution de la requête SQL : Table 'kris_freelancebox.quotes' doesn't exist
[2025-02-05T11:15:29.245Z] INFO: Exécution de la requête SQL : SELECT * FROM invoices
[2025-02-05T11:15:29.247Z] INFO: Exécution de la requête SQL : SELECT * FROM clients
[2025-02-05T11:15:29.253Z] INFO: Exécution de la requête SQL : SELECT * FROM payments
[2025-02-05T11:15:29.254Z] ERROR: Erreur lors de l'exécution de la requête SQL : Table 'kris_freelancebox.invoices' doesn't exist
[2025-02-05T11:15:29.260Z] ERROR: Erreur lors de l'exécution de la requête SQL : Table 'kris_freelancebox.clients' doesn't exist
[2025-02-05T11:15:29.265Z] ERROR: Erreur lors de l'exécution de la requête SQL : Table 'kris_freelancebox.payments' doesn't exist
[2025-02-05T11:15:29.271Z] INFO: Exécution de la requête SQL : SELECT * FROM clients
[2025-02-05T11:15:29.271Z] INFO: Exécution de la requête SQL : SELECT * FROM payments
[2025-02-05T11:15:29.272Z] INFO: Exécution de la requête SQL : SELECT * FROM invoices
[2025-02-05T11:15:29.273Z] ERROR: Erreur lors de l'exécution de la requête SQL : Table 'kris_freelancebox.clients' doesn't exist
[2025-02-05T11:15:29.277Z] ERROR: Erreur lors de l'exécution de la requête SQL : Table 'kris_freelancebox.payments' doesn't exist
[2025-02-05T11:15:29.281Z] ERROR: Erreur lors de l'exécution de la requête SQL : Table 'kris_freelancebox.invoices' doesn't exist
[2025-02-05T11:15:37.825Z] INFO: Exécution de la requête SQL : SELECT * FROM tasks
[2025-02-05T11:15:37.833Z] ERROR: Erreur lors de l'exécution de la requête SQL : Table 'kris_freelancebox.tasks' doesn't exist
[2025-02-05T11:15:37.837Z] INFO: Exécution de la requête SQL : SELECT * FROM tasks
[2025-02-05T11:15:37.842Z] ERROR: Erreur lors de l'exécution de la requête SQL : Table 'kris_freelancebox.tasks' doesn't exist
[2025-02-05T11:15:41.387Z] INFO: Exécution de la requête SQL : SELECT * FROM documents
[2025-02-05T11:15:41.393Z] ERROR: Erreur lors de l'exécution de la requête SQL : Table 'kris_freelancebox.documents' doesn't exist
[2025-02-05T11:15:41.396Z] INFO: Exécution de la requête SQL : SELECT * FROM documents
[2025-02-05T11:15:41.397Z] ERROR: Erreur lors de l'exécution de la requête SQL : Table 'kris_freelancebox.documents' doesn't exist
[2025-02-05T11:17:09.874Z] INFO: Création du pool de connexions...
[2025-02-05T11:17:09.903Z] INFO: Connexion à la base de données initialisée avec succès
[2025-02-05T11:17:28.045Z] INFO: Exécution de la requête SQL : SELECT 1
[2025-02-05T11:17:28.055Z] INFO: Requête exécutée avec succès
[2025-02-05T11:17:32.152Z] INFO: Exécution de la requête SQL : SELECT * FROM clients
[2025-02-05T11:17:32.170Z] ERROR: Erreur lors de l'exécution de la requête SQL : Table 'kris_freelancebox.clients' doesn't exist
[2025-02-05T11:17:32.178Z] INFO: Exécution de la requête SQL : SELECT * FROM clients
[2025-02-05T11:17:32.180Z] ERROR: Erreur lors de l'exécution de la requête SQL : Table 'kris_freelancebox.clients' doesn't exist
[2025-02-05T11:34:14.541Z] INFO: Exécution de la requête SQL : SELECT 1
[2025-02-05T11:34:14.547Z] INFO: Requête exécutée avec succès
[2025-02-05T11:34:14.625Z] INFO: Exécution de la requête SQL : SELECT * FROM clients
[2025-02-05T11:34:14.631Z] INFO: Requête exécutée avec succès
[2025-02-05T11:34:14.633Z] INFO: Exécution de la requête SQL : SELECT * FROM clients
[2025-02-05T11:34:14.634Z] INFO: Requête exécutée avec succès
[2025-02-05T11:34:23.222Z] INFO: Exécution de la requête SQL : SELECT * FROM clients
[2025-02-05T11:34:23.225Z] INFO: Requête exécutée avec succès
[2025-02-05T11:34:23.231Z] INFO: Exécution de la requête SQL : SELECT * FROM clients
[2025-02-05T11:34:23.233Z] INFO: Requête exécutée avec succès
[2025-02-05T11:34:25.500Z] INFO: Exécution de la requête SQL : SELECT * FROM invoices
[2025-02-05T11:34:25.511Z] INFO: Exécution de la requête SQL : SELECT * FROM clients
[2025-02-05T11:34:25.519Z] INFO: Requête exécutée avec succès
[2025-02-05T11:34:25.523Z] INFO: Exécution de la requête SQL : SELECT * FROM invoices
[2025-02-05T11:34:25.524Z] INFO: Requête exécutée avec succès
[2025-02-05T11:34:25.527Z] INFO: Requête exécutée avec succès
[2025-02-05T11:34:25.530Z] INFO: Exécution de la requête SQL : SELECT * FROM clients
[2025-02-05T11:34:25.531Z] INFO: Requête exécutée avec succès
[2025-02-05T11:34:28.736Z] INFO: Exécution de la requête SQL : SELECT * FROM quotes
[2025-02-05T11:34:28.740Z] INFO: Exécution de la requête SQL : SELECT * FROM clients
[2025-02-05T11:34:28.741Z] INFO: Requête exécutée avec succès
[2025-02-05T11:34:28.745Z] INFO: Requête exécutée avec succès
[2025-02-05T11:34:28.750Z] INFO: Exécution de la requête SQL : SELECT * FROM clients
[2025-02-05T11:34:28.752Z] INFO: Exécution de la requête SQL : SELECT * FROM quotes
[2025-02-05T11:34:28.755Z] INFO: Requête exécutée avec succès
[2025-02-05T11:34:28.757Z] INFO: Requête exécutée avec succès
[2025-02-05T11:34:30.506Z] INFO: Exécution de la requête SQL : SELECT * FROM payments
[2025-02-05T11:34:30.509Z] INFO: Exécution de la requête SQL : SELECT * FROM invoices
[2025-02-05T11:34:30.512Z] INFO: Exécution de la requête SQL : SELECT * FROM clients
[2025-02-05T11:34:30.516Z] INFO: Requête exécutée avec succès
[2025-02-05T11:34:30.519Z] INFO: Requête exécutée avec succès
[2025-02-05T11:34:30.522Z] INFO: Exécution de la requête SQL : SELECT * FROM invoices
[2025-02-05T11:34:30.525Z] INFO: Exécution de la requête SQL : SELECT * FROM payments
[2025-02-05T11:34:30.525Z] INFO: Requête exécutée avec succès
[2025-02-05T11:34:30.526Z] INFO: Requête exécutée avec succès
[2025-02-05T11:34:30.530Z] INFO: Exécution de la requête SQL : SELECT * FROM clients
[2025-02-05T11:34:30.530Z] INFO: Requête exécutée avec succès
[2025-02-05T11:34:30.533Z] INFO: Requête exécutée avec succès
[2025-02-05T11:34:34.141Z] INFO: Exécution de la requête SQL : SELECT * FROM tasks
[2025-02-05T11:34:34.144Z] INFO: Requête exécutée avec succès
[2025-02-05T11:34:34.149Z] INFO: Exécution de la requête SQL : SELECT * FROM tasks
[2025-02-05T11:34:34.151Z] INFO: Requête exécutée avec succès
[2025-02-05T11:34:38.248Z] INFO: Exécution de la requête SQL : SELECT * FROM documents
[2025-02-05T11:34:38.258Z] INFO: Requête exécutée avec succès
[2025-02-05T11:34:38.260Z] INFO: Exécution de la requête SQL : SELECT * FROM documents
[2025-02-05T11:34:38.261Z] INFO: Requête exécutée avec succès
[2025-02-05T11:34:45.563Z] INFO: Exécution de la requête SQL : SELECT * FROM companies
[2025-02-05T11:34:45.573Z] ERROR: Erreur lors de l'exécution de la requête SQL : Table 'kris_freelancebox.companies' doesn't exist
[2025-02-05T11:34:45.580Z] INFO: Exécution de la requête SQL : SELECT * FROM companies
[2025-02-05T11:34:45.581Z] ERROR: Erreur lors de l'exécution de la requête SQL : Table 'kris_freelancebox.companies' doesn't exist
[2025-02-05T11:38:28.330Z] INFO: Exécution de la requête SQL : SELECT * FROM documents
[2025-02-05T11:38:28.333Z] INFO: Requête exécutée avec succès
[2025-02-05T11:38:28.336Z] INFO: Exécution de la requête SQL : SELECT * FROM documents
[2025-02-05T11:38:28.337Z] INFO: Requête exécutée avec succès
[2025-02-05T11:38:30.834Z] INFO: Exécution de la requête SQL : SELECT * FROM companies
[2025-02-05T11:38:30.845Z] INFO: Requête exécutée avec succès
[2025-02-05T11:38:30.859Z] INFO: Exécution de la requête SQL : SELECT * FROM companies
[2025-02-05T11:38:30.863Z] INFO: Requête exécutée avec succès
[2025-02-05T11:38:41.376Z] INFO: Exécution de la requête SQL : SELECT * FROM documents
[2025-02-05T11:38:41.382Z] INFO: Requête exécutée avec succès
[2025-02-05T11:38:41.387Z] INFO: Exécution de la requête SQL : SELECT * FROM documents
[2025-02-05T11:38:41.389Z] INFO: Requête exécutée avec succès
[2025-02-05T11:39:27.489Z] INFO: Exécution de la requête SQL : SELECT * FROM clients
[2025-02-05T11:39:27.492Z] INFO: Requête exécutée avec succès
[2025-02-05T11:39:27.494Z] INFO: Exécution de la requête SQL : SELECT * FROM clients
[2025-02-05T11:39:27.496Z] INFO: Requête exécutée avec succès
[2025-02-05T11:40:21.528Z] INFO: Exécution de la requête SQL : SELECT * FROM invoices
[2025-02-05T11:40:21.531Z] INFO: Exécution de la requête SQL : SELECT * FROM clients
[2025-02-05T11:40:21.537Z] INFO: Requête exécutée avec succès
[2025-02-05T11:40:21.539Z] INFO: Requête exécutée avec succès
[2025-02-05T11:40:21.543Z] INFO: Exécution de la requête SQL : SELECT * FROM invoices
[2025-02-05T11:40:21.544Z] INFO: Exécution de la requête SQL : SELECT * FROM clients
[2025-02-05T11:40:21.546Z] INFO: Requête exécutée avec succès
[2025-02-05T11:40:21.550Z] INFO: Requête exécutée avec succès
[2025-02-05T11:40:23.583Z] INFO: Exécution de la requête SQL : SELECT * FROM tasks
[2025-02-05T11:40:23.586Z] INFO: Requête exécutée avec succès
[2025-02-05T11:40:23.587Z] INFO: Exécution de la requête SQL : SELECT * FROM tasks
[2025-02-05T11:40:23.589Z] INFO: Requête exécutée avec succès
[2025-02-05T11:40:32.732Z] INFO: Exécution de la requête SQL : SELECT * FROM tasks
[2025-02-05T11:40:32.736Z] INFO: Requête exécutée avec succès
[2025-02-05T11:40:32.739Z] INFO: Exécution de la requête SQL : SELECT * FROM tasks
[2025-02-05T11:40:32.741Z] INFO: Requête exécutée avec succès
[2025-02-05T11:40:40.006Z] INFO: Exécution de la requête SQL : SELECT * FROM companies
[2025-02-05T11:40:40.008Z] INFO: Requête exécutée avec succès
[2025-02-05T11:40:40.010Z] INFO: Exécution de la requête SQL : SELECT * FROM companies
[2025-02-05T11:40:40.013Z] INFO: Requête exécutée avec succès
[2025-02-05T15:40:36.894Z] INFO: Création du pool de connexions...
[2025-02-05T15:40:36.931Z] INFO: Connexion à la base de données initialisée avec succès
[2025-02-05T15:40:50.059Z] INFO: Exécution de la requête SQL : SELECT 1
[2025-02-05T15:40:50.093Z] INFO: Requête exécutée avec succès
[2025-02-05T15:45:44.612Z] INFO: Exécution de la requête SQL : SELECT * FROM clients
[2025-02-05T15:45:44.670Z] INFO: Requête exécutée avec succès
[2025-02-05T15:46:29.082Z] INFO: Création du pool de connexions...
[2025-02-05T15:46:29.108Z] INFO: Connexion à la base de données initialisée avec succès
[2025-02-05T15:48:25.536Z] INFO: Création du pool de connexions...
[2025-02-05T15:48:25.560Z] INFO: Connexion à la base de données initialisée avec succès
[2025-02-05T15:50:04.577Z] INFO: Exécution de la requête SQL : SELECT * FROM clients
[2025-02-05T15:50:04.612Z] INFO: Requête exécutée avec succès
[2025-02-05T15:50:20.600Z] INFO: Exécution de la requête SQL : SELECT * FROM clients
[2025-02-05T15:50:20.604Z] INFO: Requête exécutée avec succès
[2025-02-05T15:53:12.104Z] INFO: Exécution de la requête SQL : SELECT 1
[2025-02-05T15:53:12.110Z] INFO: Requête exécutée avec succès
[2025-02-05T15:57:55.020Z] INFO: Création du pool de connexions...
[2025-02-05T15:57:55.046Z] INFO: Connexion à la base de données initialisée avec succès
[2025-02-05T15:58:01.496Z] INFO: Exécution de la requête SQL : SELECT 1
[2025-02-05T15:58:01.512Z] INFO: Requête exécutée avec succès
[2025-02-05T16:02:01.739Z] INFO: Création du pool de connexions...
[2025-02-05T16:02:01.761Z] INFO: Connexion à la base de données initialisée avec succès
[2025-02-05T16:03:55.552Z] INFO: Exécution de la requête SQL : SELECT 1
[2025-02-05T16:03:55.562Z] INFO: Requête exécutée avec succès
[2025-02-05T16:11:21.319Z] INFO: Exécution de la requête SQL : SELECT 1
[2025-02-05T16:11:21.329Z] INFO: Requête exécutée avec succès
[2025-02-05T16:13:13.011Z] INFO: Exécution de la requête SQL : SELECT 1
[2025-02-05T16:13:13.018Z] INFO: Requête exécutée avec succès
[2025-02-05T16:13:18.169Z] INFO: Exécution de la requête SQL : SELECT * FROM clients
[2025-02-05T16:13:18.193Z] INFO: Requête exécutée avec succès
[2025-02-05T16:13:18.195Z] INFO: Exécution de la requête SQL : SELECT * FROM clients
[2025-02-05T16:13:18.197Z] INFO: Requête exécutée avec succès
[2025-02-05T16:13:21.564Z] INFO: Exécution de la requête SQL : SELECT * FROM invoices
[2025-02-05T16:13:21.567Z] INFO: Exécution de la requête SQL : SELECT * FROM clients
[2025-02-05T16:13:21.580Z] INFO: Requête exécutée avec succès
[2025-02-05T16:13:21.582Z] INFO: Requête exécutée avec succès
[2025-02-05T16:13:21.584Z] INFO: Exécution de la requête SQL : SELECT * FROM clients
[2025-02-05T16:13:21.585Z] INFO: Exécution de la requête SQL : SELECT * FROM invoices
[2025-02-05T16:13:21.587Z] INFO: Requête exécutée avec succès
[2025-02-05T16:13:21.589Z] INFO: Requête exécutée avec succès
[2025-02-05T16:13:22.762Z] INFO: Exécution de la requête SQL : SELECT * FROM clients
[2025-02-05T16:13:22.763Z] INFO: Exécution de la requête SQL : SELECT * FROM quotes
[2025-02-05T16:13:22.765Z] INFO: Requête exécutée avec succès
[2025-02-05T16:13:22.771Z] INFO: Exécution de la requête SQL : SELECT * FROM clients
[2025-02-05T16:13:22.772Z] INFO: Requête exécutée avec succès
[2025-02-05T16:13:22.774Z] INFO: Requête exécutée avec succès
[2025-02-05T16:13:22.778Z] INFO: Exécution de la requête SQL : SELECT * FROM quotes
[2025-02-05T16:13:22.779Z] INFO: Requête exécutée avec succès
[2025-02-05T16:13:23.711Z] INFO: Exécution de la requête SQL : SELECT * FROM invoices
[2025-02-05T16:13:23.715Z] INFO: Exécution de la requête SQL : SELECT * FROM clients
[2025-02-05T16:13:23.719Z] INFO: Requête exécutée avec succès
[2025-02-05T16:13:23.722Z] INFO: Requête exécutée avec succès
[2025-02-05T16:13:23.737Z] INFO: Exécution de la requête SQL : SELECT * FROM payments
[2025-02-05T16:13:23.739Z] INFO: Exécution de la requête SQL : SELECT * FROM invoices
[2025-02-05T16:13:23.740Z] INFO: Exécution de la requête SQL : SELECT * FROM clients
[2025-02-05T16:13:23.745Z] INFO: Requête exécutée avec succès
[2025-02-05T16:13:23.746Z] INFO: Requête exécutée avec succès
[2025-02-05T16:13:23.748Z] INFO: Exécution de la requête SQL : SELECT * FROM payments
[2025-02-05T16:13:23.749Z] INFO: Requête exécutée avec succès
[2025-02-05T16:13:23.751Z] INFO: Requête exécutée avec succès
[2025-02-05T16:19:03.064Z] INFO: Création du pool de connexions...
[2025-02-05T16:19:03.126Z] INFO: Connexion à la base de données initialisée avec succès
[2025-02-05T16:25:05.786Z] INFO: Exécution de la requête SQL : SELECT * FROM clients
[2025-02-05T16:25:05.825Z] INFO: Requête exécutée avec succès
[2025-02-05T16:25:05.837Z] INFO: Exécution de la requête SQL : SELECT * FROM clients
[2025-02-05T16:25:05.839Z] INFO: Requête exécutée avec succès
[2025-02-05T16:25:07.234Z] INFO: Exécution de la requête SQL : SELECT * FROM clients
[2025-02-05T16:25:07.238Z] INFO: Requête exécutée avec succès
[2025-02-05T16:25:07.243Z] INFO: Exécution de la requête SQL : SELECT * FROM invoices
[2025-02-05T16:25:07.246Z] INFO: Exécution de la requête SQL : SELECT * FROM clients
[2025-02-05T16:25:07.249Z] INFO: Requête exécutée avec succès
[2025-02-05T16:25:07.253Z] INFO: Exécution de la requête SQL : SELECT * FROM invoices
[2025-02-05T16:25:07.254Z] INFO: Requête exécutée avec succès
[2025-02-05T16:25:07.257Z] INFO: Requête exécutée avec succès
[2025-02-05T16:25:08.648Z] INFO: Exécution de la requête SQL : SELECT * FROM quotes
[2025-02-05T16:25:08.651Z] INFO: Exécution de la requête SQL : SELECT * FROM clients
[2025-02-05T16:25:08.654Z] INFO: Requête exécutée avec succès
[2025-02-05T16:25:08.656Z] INFO: Requête exécutée avec succès
[2025-02-05T16:25:08.659Z] INFO: Exécution de la requête SQL : SELECT * FROM quotes
[2025-02-05T16:25:08.661Z] INFO: Exécution de la requête SQL : SELECT * FROM clients
[2025-02-05T16:25:08.663Z] INFO: Requête exécutée avec succès
[2025-02-05T16:25:08.665Z] INFO: Requête exécutée avec succès
[2025-02-05T16:25:09.953Z] INFO: Exécution de la requête SQL : SELECT * FROM payments
[2025-02-05T16:25:09.955Z] INFO: Exécution de la requête SQL : SELECT * FROM invoices
[2025-02-05T16:25:09.957Z] INFO: Exécution de la requête SQL : SELECT * FROM clients
[2025-02-05T16:25:09.961Z] INFO: Requête exécutée avec succès
[2025-02-05T16:25:09.964Z] INFO: Requête exécutée avec succès
[2025-02-05T16:25:09.966Z] INFO: Exécution de la requête SQL : SELECT * FROM invoices
[2025-02-05T16:25:09.968Z] INFO: Exécution de la requête SQL : SELECT * FROM payments
[2025-02-05T16:25:09.969Z] INFO: Requête exécutée avec succès
[2025-02-05T16:25:09.971Z] INFO: Requête exécutée avec succès
[2025-02-05T16:25:09.973Z] INFO: Requête exécutée avec succès
[2025-02-05T16:25:09.975Z] INFO: Exécution de la requête SQL : SELECT * FROM clients
[2025-02-05T16:25:09.976Z] INFO: Requête exécutée avec succès
[2025-02-05T16:25:19.898Z] INFO: Exécution de la requête SQL : SELECT * FROM payments
[2025-02-05T16:25:19.901Z] INFO: Exécution de la requête SQL : SELECT * FROM invoices
[2025-02-05T16:25:19.904Z] INFO: Exécution de la requête SQL : SELECT * FROM clients
[2025-02-05T16:25:19.906Z] INFO: Requête exécutée avec succès
[2025-02-05T16:25:19.908Z] INFO: Requête exécutée avec succès
[2025-02-05T16:25:19.910Z] INFO: Requête exécutée avec succès
[2025-02-05T16:25:19.912Z] INFO: Exécution de la requête SQL : SELECT * FROM payments
[2025-02-05T16:25:19.913Z] INFO: Exécution de la requête SQL : SELECT * FROM invoices
[2025-02-05T16:25:19.914Z] INFO: Exécution de la requête SQL : SELECT * FROM clients
[2025-02-05T16:25:19.914Z] INFO: Requête exécutée avec succès
[2025-02-05T16:25:19.915Z] INFO: Requête exécutée avec succès
[2025-02-05T16:25:19.917Z] INFO: Requête exécutée avec succès
[2025-02-05T16:25:24.056Z] INFO: Exécution de la requête SQL : SELECT * FROM tasks
[2025-02-05T16:25:24.072Z] INFO: Requête exécutée avec succès
[2025-02-05T16:25:24.074Z] INFO: Exécution de la requête SQL : SELECT * FROM tasks
[2025-02-05T16:25:24.075Z] INFO: Requête exécutée avec succès
[2025-02-05T16:25:25.769Z] INFO: Exécution de la requête SQL : SELECT * FROM documents
[2025-02-05T16:25:25.776Z] INFO: Requête exécutée avec succès
[2025-02-05T16:25:25.779Z] INFO: Exécution de la requête SQL : SELECT * FROM documents
[2025-02-05T16:25:25.780Z] INFO: Requête exécutée avec succès
[2025-02-05T16:25:28.467Z] INFO: Exécution de la requête SQL : SELECT * FROM companies
[2025-02-05T16:25:28.473Z] INFO: Requête exécutée avec succès
[2025-02-05T16:25:28.475Z] INFO: Exécution de la requête SQL : SELECT * FROM companies
[2025-02-05T16:25:28.477Z] INFO: Requête exécutée avec succès
[2025-02-05T16:25:44.071Z] INFO: Exécution de la requête SQL : SELECT 1
[2025-02-05T16:25:44.074Z] INFO: Requête exécutée avec succès
[2025-02-05T16:29:33.795Z] INFO: Exécution de la requête SQL : SELECT * FROM clients
[2025-02-05T16:29:33.800Z] INFO: Requête exécutée avec succès
[2025-02-05T16:29:33.804Z] INFO: Exécution de la requête SQL : SELECT * FROM clients
[2025-02-05T16:29:33.805Z] INFO: Requête exécutée avec succès
[2025-02-05T16:29:34.526Z] INFO: Exécution de la requête SQL : SELECT * FROM clients
[2025-02-05T16:29:34.531Z] INFO: Requête exécutée avec succès
[2025-02-05T16:29:34.536Z] INFO: Exécution de la requête SQL : SELECT * FROM invoices
[2025-02-05T16:29:34.537Z] INFO: Exécution de la requête SQL : SELECT * FROM clients
[2025-02-05T16:29:34.539Z] INFO: Requête exécutée avec succès
[2025-02-05T16:29:34.541Z] INFO: Requête exécutée avec succès
[2025-02-05T16:29:34.545Z] INFO: Exécution de la requête SQL : SELECT * FROM invoices
[2025-02-05T16:29:34.547Z] INFO: Requête exécutée avec succès
[2025-02-05T16:29:35.601Z] INFO: Exécution de la requête SQL : SELECT * FROM quotes
[2025-02-05T16:29:35.603Z] INFO: Exécution de la requête SQL : SELECT * FROM clients
[2025-02-05T16:29:35.606Z] INFO: Requête exécutée avec succès
[2025-02-05T16:29:35.608Z] INFO: Requête exécutée avec succès
[2025-02-05T16:29:35.609Z] INFO: Exécution de la requête SQL : SELECT * FROM clients
[2025-02-05T16:29:35.611Z] INFO: Exécution de la requête SQL : SELECT * FROM quotes
[2025-02-05T16:29:35.612Z] INFO: Requête exécutée avec succès
[2025-02-05T16:29:35.612Z] INFO: Requête exécutée avec succès
[2025-02-05T16:29:36.182Z] INFO: Exécution de la requête SQL : SELECT * FROM invoices
[2025-02-05T16:29:36.184Z] INFO: Exécution de la requête SQL : SELECT * FROM clients
[2025-02-05T16:29:36.186Z] INFO: Requête exécutée avec succès
[2025-02-05T16:29:36.189Z] INFO: Requête exécutée avec succès
[2025-02-05T16:29:36.190Z] INFO: Exécution de la requête SQL : SELECT * FROM invoices
[2025-02-05T16:29:36.191Z] INFO: Exécution de la requête SQL : SELECT * FROM payments
[2025-02-05T16:29:36.192Z] INFO: Exécution de la requête SQL : SELECT * FROM clients
[2025-02-05T16:29:36.192Z] INFO: Requête exécutée avec succès
[2025-02-05T16:29:36.193Z] INFO: Requête exécutée avec succès
[2025-02-05T16:29:36.195Z] INFO: Requête exécutée avec succès
[2025-02-05T16:29:36.197Z] INFO: Exécution de la requête SQL : SELECT * FROM payments
[2025-02-05T16:29:36.198Z] INFO: Requête exécutée avec succès
[2025-02-05T16:29:37.489Z] INFO: Exécution de la requête SQL : SELECT * FROM tasks
[2025-02-05T16:29:37.491Z] INFO: Requête exécutée avec succès
[2025-02-05T16:29:37.494Z] INFO: Exécution de la requête SQL : SELECT * FROM tasks
[2025-02-05T16:29:37.496Z] INFO: Requête exécutée avec succès
[2025-02-05T16:29:38.062Z] INFO: Exécution de la requête SQL : SELECT * FROM documents
[2025-02-05T16:29:38.074Z] INFO: Requête exécutée avec succès
[2025-02-05T16:29:38.078Z] INFO: Exécution de la requête SQL : SELECT * FROM documents
[2025-02-05T16:29:38.079Z] INFO: Requête exécutée avec succès
[2025-02-05T16:29:38.931Z] INFO: Exécution de la requête SQL : SELECT * FROM companies
[2025-02-05T16:29:38.934Z] INFO: Requête exécutée avec succès
[2025-02-05T16:29:38.936Z] INFO: Exécution de la requête SQL : SELECT * FROM companies
[2025-02-05T16:29:38.939Z] INFO: Requête exécutée avec succès
[2025-02-05T16:38:34.283Z] INFO: Exécution de la requête SQL : SELECT 1
[2025-02-05T16:38:34.309Z] INFO: Requête exécutée avec succès
[2025-02-05T16:38:40.978Z] INFO: Exécution de la requête SQL : SELECT * FROM clients
[2025-02-05T16:38:40.995Z] INFO: Requête exécutée avec succès
[2025-02-05T16:38:40.998Z] INFO: Exécution de la requête SQL : SELECT * FROM clients
[2025-02-05T16:38:41.000Z] INFO: Requête exécutée avec succès
[2025-02-05T16:38:42.145Z] INFO: Exécution de la requête SQL : SELECT * FROM clients
[2025-02-05T16:38:42.147Z] INFO: Exécution de la requête SQL : SELECT * FROM invoices
[2025-02-05T16:38:42.148Z] INFO: Requête exécutée avec succès
[2025-02-05T16:38:42.152Z] INFO: Requête exécutée avec succès
[2025-02-05T16:38:42.155Z] INFO: Exécution de la requête SQL : SELECT * FROM clients
[2025-02-05T16:38:42.157Z] INFO: Exécution de la requête SQL : SELECT * FROM invoices
[2025-02-05T16:38:42.158Z] INFO: Requête exécutée avec succès
[2025-02-05T16:38:42.160Z] INFO: Requête exécutée avec succès
[2025-02-05T16:38:45.972Z] INFO: Exécution de la requête SQL : SELECT * FROM invoices
[2025-02-05T16:38:45.974Z] INFO: Exécution de la requête SQL : SELECT * FROM clients
[2025-02-05T16:38:45.975Z] INFO: Requête exécutée avec succès
[2025-02-05T16:38:45.977Z] INFO: Exécution de la requête SQL : SELECT * FROM payments
[2025-02-05T16:38:45.979Z] INFO: Requête exécutée avec succès
[2025-02-05T16:38:45.983Z] INFO: Exécution de la requête SQL : SELECT * FROM invoices
[2025-02-05T16:38:45.984Z] INFO: Requête exécutée avec succès
[2025-02-05T16:38:45.986Z] INFO: Exécution de la requête SQL : SELECT * FROM clients
[2025-02-05T16:38:45.987Z] INFO: Requête exécutée avec succès
[2025-02-05T16:38:45.988Z] INFO: Exécution de la requête SQL : SELECT * FROM payments
[2025-02-05T16:38:45.988Z] INFO: Requête exécutée avec succès
[2025-02-05T16:38:45.990Z] INFO: Requête exécutée avec succès
[2025-02-05T16:38:47.527Z] INFO: Exécution de la requête SQL : SELECT * FROM companies
[2025-02-05T16:38:47.531Z] INFO: Requête exécutée avec succès
[2025-02-05T16:38:47.534Z] INFO: Exécution de la requête SQL : SELECT * FROM companies
[2025-02-05T16:38:47.536Z] INFO: Requête exécutée avec succès
[2025-02-05T16:38:49.869Z] INFO: Exécution de la requête SQL : SELECT * FROM documents
[2025-02-05T16:38:49.876Z] INFO: Requête exécutée avec succès
[2025-02-05T16:38:49.877Z] INFO: Exécution de la requête SQL : SELECT * FROM documents
[2025-02-05T16:38:49.879Z] INFO: Requête exécutée avec succès
[2025-02-05T16:38:51.444Z] INFO: Exécution de la requête SQL : SELECT * FROM tasks
[2025-02-05T16:38:51.448Z] INFO: Requête exécutée avec succès
[2025-02-05T16:38:51.452Z] INFO: Exécution de la requête SQL : SELECT * FROM tasks
[2025-02-05T16:38:51.454Z] INFO: Requête exécutée avec succès
[2025-02-05T16:38:52.701Z] INFO: Exécution de la requête SQL : SELECT * FROM payments
[2025-02-05T16:38:52.703Z] INFO: Exécution de la requête SQL : SELECT * FROM invoices
[2025-02-05T16:38:52.703Z] INFO: Requête exécutée avec succès
[2025-02-05T16:38:52.705Z] INFO: Exécution de la requête SQL : SELECT * FROM clients
[2025-02-05T16:38:52.708Z] INFO: Requête exécutée avec succès
[2025-02-05T16:38:52.711Z] INFO: Requête exécutée avec succès
[2025-02-05T16:38:52.712Z] INFO: Exécution de la requête SQL : SELECT * FROM payments
[2025-02-05T16:38:52.714Z] INFO: Exécution de la requête SQL : SELECT * FROM clients
[2025-02-05T16:38:52.714Z] INFO: Exécution de la requête SQL : SELECT * FROM invoices
[2025-02-05T16:38:52.714Z] INFO: Requête exécutée avec succès
[2025-02-05T16:38:52.715Z] INFO: Requête exécutée avec succès
[2025-02-05T16:38:52.716Z] INFO: Requête exécutée avec succès
[2025-02-05T16:38:53.220Z] INFO: Exécution de la requête SQL : SELECT * FROM quotes
[2025-02-05T16:38:53.221Z] INFO: Exécution de la requête SQL : SELECT * FROM clients
[2025-02-05T16:38:53.222Z] INFO: Requête exécutée avec succès
[2025-02-05T16:38:53.224Z] INFO: Requête exécutée avec succès
[2025-02-05T16:38:53.227Z] INFO: Exécution de la requête SQL : SELECT * FROM quotes
[2025-02-05T16:38:53.228Z] INFO: Exécution de la requête SQL : SELECT * FROM clients
[2025-02-05T16:38:53.230Z] INFO: Requête exécutée avec succès
[2025-02-05T16:38:53.231Z] INFO: Requête exécutée avec succès
[2025-02-05T16:38:53.704Z] INFO: Exécution de la requête SQL : SELECT * FROM invoices
[2025-02-05T16:38:53.706Z] INFO: Exécution de la requête SQL : SELECT * FROM clients
[2025-02-05T16:38:53.707Z] INFO: Requête exécutée avec succès
[2025-02-05T16:38:53.713Z] INFO: Requête exécutée avec succès
[2025-02-05T16:38:53.717Z] INFO: Exécution de la requête SQL : SELECT * FROM invoices
[2025-02-05T16:38:53.718Z] INFO: Exécution de la requête SQL : SELECT * FROM clients
[2025-02-05T16:38:53.718Z] INFO: Requête exécutée avec succès
[2025-02-05T16:38:53.719Z] INFO: Requête exécutée avec succès
[2025-02-05T16:38:54.272Z] INFO: Exécution de la requête SQL : SELECT * FROM clients
[2025-02-05T16:38:54.275Z] INFO: Requête exécutée avec succès
[2025-02-05T16:38:54.278Z] INFO: Exécution de la requête SQL : SELECT * FROM clients
[2025-02-05T16:38:54.280Z] INFO: Requête exécutée avec succès
[2025-02-05T20:40:04.183Z] INFO: Création du pool de connexions...
[2025-02-05T20:40:04.223Z] INFO: Connexion à la base de données initialisée avec succès
[2025-02-05T20:40:29.883Z] INFO: Exécution de la requête SQL : SELECT 1
[2025-02-05T20:40:29.909Z] INFO: Requête exécutée avec succès
[2025-02-05T20:58:33.581Z] INFO: Exécution de la requête SQL : SELECT * FROM clients
[2025-02-05T20:58:33.608Z] INFO: Requête exécutée avec succès
[2025-02-05T20:58:33.612Z] INFO: Exécution de la requête SQL : SELECT * FROM clients
[2025-02-05T20:58:33.613Z] INFO: Requête exécutée avec succès
[2025-02-05T21:36:20.119Z] INFO: Exécution de la requête SQL : SELECT 1
[2025-02-05T21:36:20.139Z] INFO: Requête exécutée avec succès
[2025-02-05T21:36:20.246Z] INFO: Exécution de la requête SQL : SELECT * FROM clients
[2025-02-05T21:36:20.264Z] INFO: Requête exécutée avec succès
[2025-02-05T21:36:20.267Z] INFO: Exécution de la requête SQL : SELECT * FROM clients
[2025-02-05T21:36:20.271Z] INFO: Requête exécutée avec succès
[2025-02-05T21:39:18.850Z] INFO: Exécution de la requête SQL : INSERT INTO clients (name, email, phone, address, postalCode, city, imageUrl, comments, creationDate) VALUES (?, ?, ?, ?, ?, ?, ?, ?, ?)
[2025-02-05T21:39:18.890Z] ERROR: Erreur lors de l'exécution de la requête SQL : Incorrect datetime value: '2025-02-05T21:39:18.850Z' for column `kris_freelancebox`.`clients`.`creationDate` at row 1
[2025-02-05T21:56:49.713Z] INFO: Création du pool de connexions...
[2025-02-05T21:56:49.750Z] INFO: Connexion à la base de données initialisée avec succès
[2025-02-05T21:57:19.365Z] INFO: Exécution de la requête SQL : SELECT 1
[2025-02-05T21:57:19.392Z] INFO: Requête exécutée avec succès
[2025-02-05T21:57:19.502Z] INFO: Exécution de la requête SQL : SELECT * FROM clients
[2025-02-05T21:57:19.537Z] INFO: Requête exécutée avec succès
[2025-02-05T21:57:19.544Z] INFO: Exécution de la requête SQL : SELECT * FROM clients
[2025-02-05T21:57:19.545Z] INFO: Requête exécutée avec succès
[2025-02-05T21:58:22.914Z] INFO: Exécution de la requête SQL : INSERT INTO clients (name, email, phone, address, postalCode, city, imageUrl, comments, creationDate) VALUES (?, ?, ?, ?, ?, ?, ?, ?, ?)
[2025-02-05T21:58:22.935Z] INFO: Requête exécutée avec succès
[2025-02-05T21:58:37.135Z] INFO: Exécution de la requête SQL : SELECT * FROM clients
[2025-02-05T21:58:37.140Z] INFO: Exécution de la requête SQL : SELECT * FROM invoices
[2025-02-05T21:58:37.143Z] INFO: Requête exécutée avec succès
[2025-02-05T21:58:37.147Z] INFO: Exécution de la requête SQL : SELECT * FROM clients
[2025-02-05T21:58:37.149Z] INFO: Requête exécutée avec succès
[2025-02-05T21:58:37.152Z] INFO: Requête exécutée avec succès
[2025-02-05T21:58:37.154Z] INFO: Exécution de la requête SQL : SELECT * FROM invoices
[2025-02-05T21:58:37.155Z] INFO: Requête exécutée avec succès
[2025-02-05T21:58:37.821Z] INFO: Exécution de la requête SQL : SELECT * FROM clients
[2025-02-05T21:58:37.824Z] INFO: Requête exécutée avec succès
[2025-02-05T21:58:37.828Z] INFO: Exécution de la requête SQL : SELECT * FROM clients
[2025-02-05T21:58:37.830Z] INFO: Requête exécutée avec succès
[2025-02-05T21:59:08.634Z] INFO: Exécution de la requête SQL : SELECT * FROM clients WHERE id = ?
[2025-02-05T21:59:08.639Z] INFO: Requête exécutée avec succès
[2025-02-05T21:59:08.643Z] INFO: Exécution de la requête SQL : SELECT * FROM clients WHERE id = ?
[2025-02-05T21:59:08.645Z] INFO: Requête exécutée avec succès
[2025-02-05T21:59:17.336Z] INFO: Exécution de la requête SQL : SELECT * FROM clients
[2025-02-05T21:59:17.339Z] INFO: Requête exécutée avec succès
[2025-02-05T21:59:17.346Z] INFO: Exécution de la requête SQL : SELECT * FROM clients
[2025-02-05T21:59:17.351Z] INFO: Requête exécutée avec succès
[2025-02-05T22:09:32.222Z] INFO: Exécution de la requête SQL : SELECT 1
[2025-02-05T22:09:32.246Z] INFO: Requête exécutée avec succès
[2025-02-05T22:09:32.349Z] INFO: Exécution de la requête SQL : SELECT * FROM clients
[2025-02-05T22:09:32.382Z] INFO: Requête exécutée avec succès
[2025-02-05T22:09:32.386Z] INFO: Exécution de la requête SQL : SELECT * FROM clients
[2025-02-05T22:09:32.387Z] INFO: Requête exécutée avec succès
[2025-02-05T22:09:36.221Z] INFO: Exécution de la requête SQL : SELECT * FROM clients WHERE id = ?
[2025-02-05T22:09:36.228Z] INFO: Requête exécutée avec succès
[2025-02-05T22:09:36.232Z] INFO: Exécution de la requête SQL : SELECT * FROM clients WHERE id = ?
[2025-02-05T22:09:36.235Z] INFO: Requête exécutée avec succès
[2025-02-05T22:09:52.826Z] INFO: Exécution de la requête SQL : UPDATE clients SET name = ?, email = ?, phone = ?, address = ?, postalCode = ?, city = ?, imageUrl = ?, comments = ? WHERE id = ?
[2025-02-05T22:09:52.844Z] INFO: Requête exécutée avec succès
[2025-02-05T22:09:56.900Z] INFO: Exécution de la requête SQL : SELECT * FROM clients
[2025-02-05T22:09:56.903Z] INFO: Requête exécutée avec succès
[2025-02-05T22:09:56.910Z] INFO: Exécution de la requête SQL : SELECT * FROM clients
[2025-02-05T22:09:56.913Z] INFO: Requête exécutée avec succès
[2025-02-05T22:09:59.582Z] INFO: Exécution de la requête SQL : SELECT * FROM clients WHERE id = ?
[2025-02-05T22:09:59.584Z] INFO: Requête exécutée avec succès
[2025-02-05T22:09:59.615Z] INFO: Exécution de la requête SQL : SELECT * FROM clients WHERE id = ?
[2025-02-05T22:09:59.624Z] INFO: Requête exécutée avec succès
[2025-02-05T22:10:04.713Z] INFO: Exécution de la requête SQL : SELECT * FROM clients
[2025-02-05T22:10:04.716Z] INFO: Requête exécutée avec succès
[2025-02-05T22:10:04.719Z] INFO: Exécution de la requête SQL : SELECT * FROM clients
[2025-02-05T22:10:04.723Z] INFO: Requête exécutée avec succès
[2025-02-05T22:10:58.185Z] INFO: Exécution de la requête SQL : SELECT * FROM clients WHERE id = ?
[2025-02-05T22:10:58.192Z] INFO: Requête exécutée avec succès
[2025-02-05T22:10:58.198Z] INFO: Exécution de la requête SQL : SELECT * FROM clients WHERE id = ?
[2025-02-05T22:10:58.200Z] INFO: Requête exécutée avec succès
[2025-02-05T22:11:04.798Z] INFO: Exécution de la requête SQL : SELECT * FROM clients
[2025-02-05T22:11:04.800Z] INFO: Requête exécutée avec succès
[2025-02-05T22:11:04.804Z] INFO: Exécution de la requête SQL : SELECT * FROM clients
[2025-02-05T22:11:04.808Z] INFO: Requête exécutée avec succès
[2025-02-05T22:22:24.239Z] INFO: Création du pool de connexions...
[2025-02-05T22:22:24.273Z] INFO: Connexion à la base de données initialisée avec succès
[2025-02-05T22:22:32.959Z] INFO: Exécution de la requête SQL : SELECT 1
[2025-02-05T22:22:32.979Z] INFO: Requête exécutée avec succès
[2025-02-05T22:22:33.096Z] INFO: Exécution de la requête SQL : SELECT * FROM clients
[2025-02-05T22:22:33.110Z] INFO: Requête exécutée avec succès
[2025-02-05T22:22:33.112Z] INFO: Exécution de la requête SQL : SELECT * FROM clients
[2025-02-05T22:22:33.114Z] INFO: Requête exécutée avec succès
[2025-02-05T22:22:35.666Z] INFO: Exécution de la requête SQL : SELECT * FROM clients WHERE id = ?
[2025-02-05T22:22:35.670Z] INFO: Requête exécutée avec succès
[2025-02-05T22:22:35.673Z] INFO: Exécution de la requête SQL : SELECT * FROM clients WHERE id = ?
[2025-02-05T22:22:35.676Z] INFO: Requête exécutée avec succès
[2025-02-05T22:22:45.391Z] INFO: Exécution de la requête SQL : UPDATE clients SET name = ?, email = ?, phone = ?, address = ?, postalCode = ?, city = ?, imageUrl = ?, comments = ? WHERE id = ?
[2025-02-05T22:22:45.403Z] INFO: Requête exécutée avec succès
[2025-02-05T22:22:48.470Z] INFO: Exécution de la requête SQL : SELECT * FROM clients
[2025-02-05T22:22:48.472Z] INFO: Requête exécutée avec succès
[2025-02-05T22:22:48.476Z] INFO: Exécution de la requête SQL : SELECT * FROM clients
[2025-02-05T22:22:48.486Z] INFO: Requête exécutée avec succès
[2025-02-05T22:22:51.107Z] INFO: Exécution de la requête SQL : SELECT 1
[2025-02-05T22:22:51.108Z] INFO: Requête exécutée avec succès
[2025-02-05T22:22:51.225Z] INFO: Exécution de la requête SQL : SELECT * FROM clients
[2025-02-05T22:22:51.227Z] INFO: Requête exécutée avec succès
[2025-02-05T22:22:51.230Z] INFO: Exécution de la requête SQL : SELECT * FROM clients
[2025-02-05T22:22:51.233Z] INFO: Requête exécutée avec succès
[2025-02-05T22:22:57.710Z] INFO: Exécution de la requête SQL : SELECT * FROM clients WHERE id = ?
[2025-02-05T22:22:57.715Z] INFO: Requête exécutée avec succès
[2025-02-05T22:22:57.722Z] INFO: Exécution de la requête SQL : SELECT * FROM clients WHERE id = ?
[2025-02-05T22:22:57.724Z] INFO: Requête exécutée avec succès
